0 verbose cli C:\Program Files\nodejs\node.exe C:\Program Files\nodejs\node_modules\npm\bin\npm-cli.js
1 info using npm@10.9.2
2 info using node@v22.15.0
3 silly config load:file:C:\Program Files\nodejs\node_modules\npm\npmrc
4 silly config load:file:D:\Development\Web\medical_expert_system\frontend\.npmrc
5 silly config load:file:C:\Users\MR AME\.npmrc
6 silly config load:file:C:\Users\MR AME\AppData\Roaming\npm\etc\npmrc
7 verbose title npm uninstall html2pdf.js
8 verbose argv "uninstall" "html2pdf.js"
9 verbose logfile logs-max:10 dir:D:\Development\Web\medical_expert_system\frontend\npm-cache\_logs\2026-04-26T14_33_46_399Z-
10 verbose logfile D:\Development\Web\medical_expert_system\frontend\npm-cache\_logs\2026-04-26T14_33_46_399Z-debug-0.log
11 silly logfile done cleaning log files
12 silly packumentCache heap:4345298944 maxSize:1086324736 maxEntrySize:543162368
13 silly idealTree buildDeps
14 silly reify mark retired [
14 silly reify   'D:\\Development\\Web\\medical_expert_system\\frontend\\node_modules\\@babel\\runtime'
14 silly reify ]
15 silly reify mark retired [
15 silly reify   'D:\\Development\\Web\\medical_expert_system\\frontend\\node_modules\\@types\\pako'
15 silly reify ]
16 silly reify mark retired [
16 silly reify   'D:\\Development\\Web\\medical_expert_system\\frontend\\node_modules\\@types\\raf'
16 silly reify ]
17 silly reify mark retired [
17 silly reify   'D:\\Development\\Web\\medical_expert_system\\frontend\\node_modules\\@types\\trusted-types'
17 silly reify ]
18 silly reify mark retired [
18 silly reify   'D:\\Development\\Web\\medical_expert_system\\frontend\\node_modules\\base64-arraybuffer'
18 silly reify ]
19 silly reify mark retired [
19 silly reify   'D:\\Development\\Web\\medical_expert_system\\frontend\\node_modules\\canvg'
19 silly reify ]
20 silly reify mark retired [
20 silly reify   'D:\\Development\\Web\\medical_expert_system\\frontend\\node_modules\\core-js'
20 silly reify ]
21 silly reify mark retired [
21 silly reify   'D:\\Development\\Web\\medical_expert_system\\frontend\\node_modules\\css-line-break'
21 silly reify ]
22 silly reify mark retired [
22 silly reify   'D:\\Development\\Web\\medical_expert_system\\frontend\\node_modules\\dompurify'
22 silly reify ]
23 silly reify mark retired [
23 silly reify   'D:\\Development\\Web\\medical_expert_system\\frontend\\node_modules\\fast-png'
23 silly reify ]
24 silly reify mark retired [
24 silly reify   'D:\\Development\\Web\\medical_expert_system\\frontend\\node_modules\\fflate'
24 silly reify ]
25 silly reify mark retired [
25 silly reify   'D:\\Development\\Web\\medical_expert_system\\frontend\\node_modules\\html2canvas'
25 silly reify ]
26 silly reify mark retired [
26 silly reify   'D:\\Development\\Web\\medical_expert_system\\frontend\\node_modules\\html2pdf.js'
26 silly reify ]
27 silly reify mark retired [
27 silly reify   'D:\\Development\\Web\\medical_expert_system\\frontend\\node_modules\\iobuffer'
27 silly reify ]
28 silly reify mark retired [
28 silly reify   'D:\\Development\\Web\\medical_expert_system\\frontend\\node_modules\\jspdf'
28 silly reify ]
29 silly reify mark retired [
29 silly reify   'D:\\Development\\Web\\medical_expert_system\\frontend\\node_modules\\pako'
29 silly reify ]
30 silly reify mark retired [
30 silly reify   'D:\\Development\\Web\\medical_expert_system\\frontend\\node_modules\\performance-now'
30 silly reify ]
31 silly reify mark retired [
31 silly reify   'D:\\Development\\Web\\medical_expert_system\\frontend\\node_modules\\raf'
31 silly reify ]
32 silly reify mark retired [
32 silly reify   'D:\\Development\\Web\\medical_expert_system\\frontend\\node_modules\\regenerator-runtime'
32 silly reify ]
33 silly reify mark retired [
33 silly reify   'D:\\Development\\Web\\medical_expert_system\\frontend\\node_modules\\rgbcolor'
33 silly reify ]
34 silly reify mark retired [
34 silly reify   'D:\\Development\\Web\\medical_expert_system\\frontend\\node_modules\\stackblur-canvas'
34 silly reify ]
35 silly reify mark retired [
35 silly reify   'D:\\Development\\Web\\medical_expert_system\\frontend\\node_modules\\svg-pathdata'
35 silly reify ]
36 silly reify mark retired [
36 silly reify   'D:\\Development\\Web\\medical_expert_system\\frontend\\node_modules\\text-segmentation'
36 silly reify ]
37 silly reify mark retired [
37 silly reify   'D:\\Development\\Web\\medical_expert_system\\frontend\\node_modules\\utrie'
37 silly reify ]
38 silly reify moves {
38 silly reify   'D:\\Development\\Web\\medical_expert_system\\frontend\\node_modules\\@babel\\runtime': 'D:\\Development\\Web\\medical_expert_system\\frontend\\node_modules\\@babel\\.runtime-gQgEuFg8',
38 silly reify   'D:\\Development\\Web\\medical_expert_system\\frontend\\node_modules\\@types\\pako': 'D:\\Development\\Web\\medical_expert_system\\frontend\\node_modules\\@types\\.pako-a8OTol8M',
38 silly reify   'D:\\Development\\Web\\medical_expert_system\\frontend\\node_modules\\@types\\raf': 'D:\\Development\\Web\\medical_expert_system\\frontend\\node_modules\\@types\\.raf-Wawm3sZb',
38 silly reify   'D:\\Development\\Web\\medical_expert_system\\frontend\\node_modules\\@types\\trusted-types': 'D:\\Development\\Web\\medical_expert_system\\frontend\\node_modules\\@types\\.trusted-types-kBdaE4ZE',
38 silly reify   'D:\\Development\\Web\\medical_expert_system\\frontend\\node_modules\\base64-arraybuffer': 'D:\\Development\\Web\\medical_expert_system\\frontend\\node_modules\\.base64-arraybuffer-aTxOqHt6',
38 silly reify   'D:\\Development\\Web\\medical_expert_system\\frontend\\node_modules\\canvg': 'D:\\Development\\Web\\medical_expert_system\\frontend\\node_modules\\.canvg-ZMcqMbGw',
38 silly reify   'D:\\Development\\Web\\medical_expert_system\\frontend\\node_modules\\core-js': 'D:\\Development\\Web\\medical_expert_system\\frontend\\node_modules\\.core-js-NJZx6tpw',
38 silly reify   'D:\\Development\\Web\\medical_expert_system\\frontend\\node_modules\\css-line-break': 'D:\\Development\\Web\\medical_expert_system\\frontend\\node_modules\\.css-line-break-q6ysYUso',
38 silly reify   'D:\\Development\\Web\\medical_expert_system\\frontend\\node_modules\\dompurify': 'D:\\Development\\Web\\medical_expert_system\\frontend\\node_modules\\.dompurify-nRG4xqU7',
38 silly reify   'D:\\Development\\Web\\medical_expert_system\\frontend\\node_modules\\fast-png': 'D:\\Development\\Web\\medical_expert_system\\frontend\\node_modules\\.fast-png-Bn5xvGXx',
38 silly reify   'D:\\Development\\Web\\medical_expert_system\\frontend\\node_modules\\fflate': 'D:\\Development\\Web\\medical_expert_system\\frontend\\node_modules\\.fflate-UcSurqBK',
38 silly reify   'D:\\Development\\Web\\medical_expert_system\\frontend\\node_modules\\html2canvas': 'D:\\Development\\Web\\medical_expert_system\\frontend\\node_modules\\.html2canvas-SvO69IiY',
38 silly reify   'D:\\Development\\Web\\medical_expert_system\\frontend\\node_modules\\html2pdf.js': 'D:\\Development\\Web\\medical_expert_system\\frontend\\node_modules\\.html2pdf.js-dwQMjIId',
38 silly reify   'D:\\Development\\Web\\medical_expert_system\\frontend\\node_modules\\iobuffer': 'D:\\Development\\Web\\medical_expert_system\\frontend\\node_modules\\.iobuffer-atEjYTAX',
38 silly reify   'D:\\Development\\Web\\medical_expert_system\\frontend\\node_modules\\jspdf': 'D:\\Development\\Web\\medical_expert_system\\frontend\\node_modules\\.jspdf-t17jPohv',
38 silly reify   'D:\\Development\\Web\\medical_expert_system\\frontend\\node_modules\\pako': 'D:\\Development\\Web\\medical_expert_system\\frontend\\node_modules\\.pako-M8BegKMi',
38 silly reify   'D:\\Development\\Web\\medical_expert_system\\frontend\\node_modules\\performance-now': 'D:\\Development\\Web\\medical_expert_system\\frontend\\node_modules\\.performance-now-lG81Z1So',
38 silly reify   'D:\\Development\\Web\\medical_expert_system\\frontend\\node_modules\\raf': 'D:\\Development\\Web\\medical_expert_system\\frontend\\node_modules\\.raf-tUpYjwcN',
38 silly reify   'D:\\Development\\Web\\medical_expert_system\\frontend\\node_modules\\regenerator-runtime': 'D:\\Development\\Web\\medical_expert_system\\frontend\\node_modules\\.regenerator-runtime-gwQZVK63',
38 silly reify   'D:\\Development\\Web\\medical_expert_system\\frontend\\node_modules\\rgbcolor': 'D:\\Development\\Web\\medical_expert_system\\frontend\\node_modules\\.rgbcolor-tsA30coY',
38 silly reify   'D:\\Development\\Web\\medical_expert_system\\frontend\\node_modules\\stackblur-canvas': 'D:\\Development\\Web\\medical_expert_system\\frontend\\node_modules\\.stackblur-canvas-dZwV4Edb',
38 silly reify   'D:\\Development\\Web\\medical_expert_system\\frontend\\node_modules\\svg-pathdata': 'D:\\Development\\Web\\medical_expert_system\\frontend\\node_modules\\.svg-pathdata-WzaAcB5h',
38 silly reify   'D:\\Development\\Web\\medical_expert_system\\frontend\\node_modules\\text-segmentation': 'D:\\Development\\Web\\medical_expert_system\\frontend\\node_modules\\.text-segmentation-wQMdTdls',
38 silly reify   'D:\\Development\\Web\\medical_expert_system\\frontend\\node_modules\\utrie': 'D:\\Development\\Web\\medical_expert_system\\frontend\\node_modules\\.utrie-0apa8ggd'
38 silly reify }
39 verbose reify failed optional dependency D:\Development\Web\medical_expert_system\frontend\node_modules\@tailwindcss\oxide-wasm32-wasi
40 silly reify mark deleted [
40 silly reify   'D:\\Development\\Web\\medical_expert_system\\frontend\\node_modules\\@tailwindcss\\oxide-wasm32-wasi'
40 silly reify ]
41 silly audit bulk request {
41 silly audit   '@babel/code-frame': [ '7.29.0' ],
41 silly audit   '@babel/compat-data': [ '7.29.0' ],
41 silly audit   '@babel/core': [ '7.29.0' ],
41 silly audit   '@babel/generator': [ '7.29.1' ],
41 silly audit   '@babel/helper-compilation-targets': [ '7.28.6' ],
41 silly audit   '@babel/helper-globals': [ '7.28.0' ],
41 silly audit   '@babel/helper-module-imports': [ '7.28.6' ],
41 silly audit   '@babel/helper-module-transforms': [ '7.28.6' ],
41 silly audit   '@babel/helper-plugin-utils': [ '7.28.6' ],
41 silly audit   '@babel/helper-string-parser': [ '7.27.1' ],
41 silly audit   '@babel/helper-validator-identifier': [ '7.28.5' ],
41 silly audit   '@babel/helper-validator-option': [ '7.27.1' ],
41 silly audit   '@babel/helpers': [ '7.29.2' ],
41 silly audit   '@babel/parser': [ '7.29.2' ],
41 silly audit   '@babel/plugin-transform-react-jsx-self': [ '7.27.1' ],
41 silly audit   '@babel/plugin-transform-react-jsx-source': [ '7.27.1' ],
41 silly audit   '@babel/template': [ '7.28.6' ],
41 silly audit   '@babel/traverse': [ '7.29.0' ],
41 silly audit   '@babel/types': [ '7.29.0' ],
41 silly audit   '@esbuild/aix-ppc64': [ '0.21.5' ],
41 silly audit   '@esbuild/android-arm': [ '0.21.5' ],
41 silly audit   '@esbuild/android-arm64': [ '0.21.5' ],
41 silly audit   '@esbuild/android-x64': [ '0.21.5' ],
41 silly audit   '@esbuild/darwin-arm64': [ '0.21.5' ],
41 silly audit   '@esbuild/darwin-x64': [ '0.21.5' ],
41 silly audit   '@esbuild/freebsd-arm64': [ '0.21.5' ],
41 silly audit   '@esbuild/freebsd-x64': [ '0.21.5' ],
41 silly audit   '@esbuild/linux-arm': [ '0.21.5' ],
41 silly audit   '@esbuild/linux-arm64': [ '0.21.5' ],
41 silly audit   '@esbuild/linux-ia32': [ '0.21.5' ],
41 silly audit   '@esbuild/linux-loong64': [ '0.21.5' ],
41 silly audit   '@esbuild/linux-mips64el': [ '0.21.5' ],
41 silly audit   '@esbuild/linux-ppc64': [ '0.21.5' ],
41 silly audit   '@esbuild/linux-riscv64': [ '0.21.5' ],
41 silly audit   '@esbuild/linux-s390x': [ '0.21.5' ],
41 silly audit   '@esbuild/linux-x64': [ '0.21.5' ],
41 silly audit   '@esbuild/netbsd-x64': [ '0.21.5' ],
41 silly audit   '@esbuild/openbsd-x64': [ '0.21.5' ],
41 silly audit   '@esbuild/sunos-x64': [ '0.21.5' ],
41 silly audit   '@esbuild/win32-arm64': [ '0.21.5' ],
41 silly audit   '@esbuild/win32-ia32': [ '0.21.5' ],
41 silly audit   '@esbuild/win32-x64': [ '0.21.5' ],
41 silly audit   '@jridgewell/gen-mapping': [ '0.3.13' ],
41 silly audit   '@jridgewell/remapping': [ '2.3.5' ],
41 silly audit   '@jridgewell/resolve-uri': [ '3.1.2' ],
41 silly audit   '@jridgewell/sourcemap-codec': [ '1.5.5' ],
41 silly audit   '@jridgewell/trace-mapping': [ '0.3.31' ],
41 silly audit   '@rolldown/pluginutils': [ '1.0.0-beta.27' ],
41 silly audit   '@rollup/rollup-android-arm-eabi': [ '4.60.2' ],
41 silly audit   '@rollup/rollup-android-arm64': [ '4.60.2' ],
41 silly audit   '@rollup/rollup-darwin-arm64': [ '4.60.2' ],
41 silly audit   '@rollup/rollup-darwin-x64': [ '4.60.2' ],
41 silly audit   '@rollup/rollup-freebsd-arm64': [ '4.60.2' ],
41 silly audit   '@rollup/rollup-freebsd-x64': [ '4.60.2' ],
41 silly audit   '@rollup/rollup-linux-arm-gnueabihf': [ '4.60.2' ],
41 silly audit   '@rollup/rollup-linux-arm-musleabihf': [ '4.60.2' ],
41 silly audit   '@rollup/rollup-linux-arm64-gnu': [ '4.60.2' ],
41 silly audit   '@rollup/rollup-linux-arm64-musl': [ '4.60.2' ],
41 silly audit   '@rollup/rollup-linux-loong64-gnu': [ '4.60.2' ],
41 silly audit   '@rollup/rollup-linux-loong64-musl': [ '4.60.2' ],
41 silly audit   '@rollup/rollup-linux-ppc64-gnu': [ '4.60.2' ],
41 silly audit   '@rollup/rollup-linux-ppc64-musl': [ '4.60.2' ],
41 silly audit   '@rollup/rollup-linux-riscv64-gnu': [ '4.60.2' ],
41 silly audit   '@rollup/rollup-linux-riscv64-musl': [ '4.60.2' ],
41 silly audit   '@rollup/rollup-linux-s390x-gnu': [ '4.60.2' ],
41 silly audit   '@rollup/rollup-linux-x64-gnu': [ '4.60.2' ],
41 silly audit   '@rollup/rollup-linux-x64-musl': [ '4.60.2' ],
41 silly audit   '@rollup/rollup-openbsd-x64': [ '4.60.2' ],
41 silly audit   '@rollup/rollup-openharmony-arm64': [ '4.60.2' ],
41 silly audit   '@rollup/rollup-win32-arm64-msvc': [ '4.60.2' ],
41 silly audit   '@rollup/rollup-win32-ia32-msvc': [ '4.60.2' ],
41 silly audit   '@rollup/rollup-win32-x64-gnu': [ '4.60.2' ],
41 silly audit   '@rollup/rollup-win32-x64-msvc': [ '4.60.2' ],
41 silly audit   '@tailwindcss/node': [ '4.2.3' ],
41 silly audit   '@tailwindcss/oxide': [ '4.2.3' ],
41 silly audit   '@tailwindcss/oxide-android-arm64': [ '4.2.3' ],
41 silly audit   '@tailwindcss/oxide-darwin-arm64': [ '4.2.3' ],
41 silly audit   '@tailwindcss/oxide-darwin-x64': [ '4.2.3' ],
41 silly audit   '@tailwindcss/oxide-freebsd-x64': [ '4.2.3' ],
41 silly audit   '@tailwindcss/oxide-linux-arm-gnueabihf': [ '4.2.3' ],
41 silly audit   '@tailwindcss/oxide-linux-arm64-gnu': [ '4.2.3' ],
41 silly audit   '@tailwindcss/oxide-linux-arm64-musl': [ '4.2.3' ],
41 silly audit   '@tailwindcss/oxide-linux-x64-gnu': [ '4.2.3' ],
41 silly audit   '@tailwindcss/oxide-linux-x64-musl': [ '4.2.3' ],
41 silly audit   '@tailwindcss/oxide-win32-arm64-msvc': [ '4.2.3' ],
41 silly audit   '@tailwindcss/oxide-win32-x64-msvc': [ '4.2.3' ],
41 silly audit   '@tailwindcss/vite': [ '4.2.3' ],
41 silly audit   '@types/babel__core': [ '7.20.5' ],
41 silly audit   '@types/babel__generator': [ '7.27.0' ],
41 silly audit   '@types/babel__template': [ '7.4.4' ],
41 silly audit   '@types/babel__traverse': [ '7.28.0' ],
41 silly audit   '@types/estree': [ '1.0.8' ],
41 silly audit   '@types/prop-types': [ '15.7.15' ],
41 silly audit   '@types/react': [ '18.3.28' ],
41 silly audit   '@types/react-dom': [ '18.3.7' ],
41 silly audit   '@vitejs/plugin-react': [ '4.7.0' ],
41 silly audit   asynckit: [ '0.4.0' ],
41 silly audit   axios: [ '1.15.1' ],
41 silly audit   'baseline-browser-mapping': [ '2.10.20' ],
41 silly audit   browserslist: [ '4.28.2' ],
41 silly audit   'call-bind-apply-helpers': [ '1.0.2' ],
41 silly audit   'caniuse-lite': [ '1.0.30001788' ],
41 silly audit   'combined-stream': [ '1.0.8' ],
41 silly audit   'convert-source-map': [ '2.0.0' ],
41 silly audit   cookie: [ '1.1.1' ],
41 silly audit   csstype: [ '3.2.3' ],
41 silly audit   debug: [ '4.4.3' ],
41 silly audit   'delayed-stream': [ '1.0.0' ],
41 silly audit   'detect-libc': [ '2.1.2' ],
41 silly audit   'dunder-proto': [ '1.0.1' ],
41 silly audit   'electron-to-chromium': [ '1.5.340' ],
41 silly audit   'enhanced-resolve': [ '5.20.1' ],
41 silly audit   'es-define-property': [ '1.0.1' ],
41 silly audit   'es-errors': [ '1.3.0' ],
41 silly audit   'es-object-atoms': [ '1.1.1' ],
41 silly audit   'es-set-tostringtag': [ '2.1.0' ],
41 silly audit   esbuild: [ '0.21.5' ],
41 silly audit   escalade: [ '3.2.0' ],
41 silly audit   'follow-redirects': [ '1.16.0' ],
41 silly audit   'form-data': [ '4.0.5' ],
41 silly audit   fsevents: [ '2.3.3' ],
41 silly audit   'function-bind': [ '1.1.2' ],
41 silly audit   gensync: [ '1.0.0-beta.2' ],
41 silly audit   'get-intrinsic': [ '1.3.0' ],
41 silly audit   'get-proto': [ '1.0.1' ],
41 silly audit   gopd: [ '1.2.0' ],
41 silly audit   'graceful-fs': [ '4.2.11' ],
41 silly audit   'has-symbols': [ '1.1.0' ],
41 silly audit   'has-tostringtag': [ '1.0.2' ],
41 silly audit   hasown: [ '2.0.3' ],
41 silly audit   jiti: [ '2.6.1' ],
41 silly audit   'js-tokens': [ '4.0.0' ],
41 silly audit   jsesc: [ '3.1.0' ],
41 silly audit   json5: [ '2.2.3' ],
41 silly audit   'jwt-decode': [ '4.0.0' ],
41 silly audit   lightningcss: [ '1.32.0' ],
41 silly audit   'lightningcss-android-arm64': [ '1.32.0' ],
41 silly audit   'lightningcss-darwin-arm64': [ '1.32.0' ],
41 silly audit   'lightningcss-darwin-x64': [ '1.32.0' ],
41 silly audit   'lightningcss-freebsd-x64': [ '1.32.0' ],
41 silly audit   'lightningcss-linux-arm-gnueabihf': [ '1.32.0' ],
41 silly audit   'lightningcss-linux-arm64-gnu': [ '1.32.0' ],
41 silly audit   'lightningcss-linux-arm64-musl': [ '1.32.0' ],
41 silly audit   'lightningcss-linux-x64-gnu': [ '1.32.0' ],
41 silly audit   'lightningcss-linux-x64-musl': [ '1.32.0' ],
41 silly audit   'lightningcss-win32-arm64-msvc': [ '1.32.0' ],
41 silly audit   'lightningcss-win32-x64-msvc': [ '1.32.0' ],
41 silly audit   'loose-envify': [ '1.4.0' ],
41 silly audit   'lru-cache': [ '5.1.1' ],
41 silly audit   'magic-string': [ '0.30.21' ],
41 silly audit   'math-intrinsics': [ '1.1.0' ],
41 silly audit   'mime-db': [ '1.52.0' ],
41 silly audit   'mime-types': [ '2.1.35' ],
41 silly audit   ms: [ '2.1.3' ],
41 silly audit   nanoid: [ '3.3.11' ],
41 silly audit   'node-releases': [ '2.0.37' ],
41 silly audit   picocolors: [ '1.1.1' ],
41 silly audit   postcss: [ '8.5.10' ],
41 silly audit   'proxy-from-env': [ '2.1.0' ],
41 silly audit   react: [ '18.3.1' ],
41 silly audit   'react-dom': [ '18.3.1' ],
41 silly audit   'react-refresh': [ '0.17.0' ],
41 silly audit   'react-router': [ '7.14.2' ],
41 silly audit   'react-router-dom': [ '7.14.2' ],
41 silly audit   rollup: [ '4.60.2' ],
41 silly audit   scheduler: [ '0.23.2' ],
41 silly audit   semver: [ '6.3.1' ],
41 silly audit   'set-cookie-parser': [ '2.7.2' ],
41 silly audit   'source-map-js': [ '1.2.1' ],
41 silly audit   tailwindcss: [ '4.2.3' ],
41 silly audit   tapable: [ '2.3.2' ],
41 silly audit   'update-browserslist-db': [ '1.2.3' ],
41 silly audit   vite: [ '5.4.21' ],
41 silly audit   yallist: [ '3.1.1' ],
41 silly audit   '@tailwindcss/oxide-wasm32-wasi': [ '4.2.3' ]
41 silly audit }
42 verbose reify failed optional dependency D:\Development\Web\medical_expert_system\frontend\node_modules\lightningcss-win32-arm64-msvc
43 silly reify mark deleted [
43 silly reify   'D:\\Development\\Web\\medical_expert_system\\frontend\\node_modules\\lightningcss-win32-arm64-msvc'
43 silly reify ]
44 verbose reify failed optional dependency D:\Development\Web\medical_expert_system\frontend\node_modules\lightningcss-linux-x64-musl
45 silly reify mark deleted [
45 silly reify   'D:\\Development\\Web\\medical_expert_system\\frontend\\node_modules\\lightningcss-linux-x64-musl'
45 silly reify ]
46 verbose reify failed optional dependency D:\Development\Web\medical_expert_system\frontend\node_modules\lightningcss-linux-x64-gnu
47 silly reify mark deleted [
47 silly reify   'D:\\Development\\Web\\medical_expert_system\\frontend\\node_modules\\lightningcss-linux-x64-gnu'
47 silly reify ]
48 verbose reify failed optional dependency D:\Development\Web\medical_expert_system\frontend\node_modules\lightningcss-linux-arm64-musl
49 silly reify mark deleted [
49 silly reify   'D:\\Development\\Web\\medical_expert_system\\frontend\\node_modules\\lightningcss-linux-arm64-musl'
49 silly reify ]
50 verbose reify failed optional dependency D:\Development\Web\medical_expert_system\frontend\node_modules\lightningcss-linux-arm64-gnu
51 silly reify mark deleted [
51 silly reify   'D:\\Development\\Web\\medical_expert_system\\frontend\\node_modules\\lightningcss-linux-arm64-gnu'
51 silly reify ]
52 verbose reify failed optional dependency D:\Development\Web\medical_expert_system\frontend\node_modules\lightningcss-linux-arm-gnueabihf
53 silly reify mark deleted [
53 silly reify   'D:\\Development\\Web\\medical_expert_system\\frontend\\node_modules\\lightningcss-linux-arm-gnueabihf'
53 silly reify ]
54 verbose reify failed optional dependency D:\Development\Web\medical_expert_system\frontend\node_modules\lightningcss-freebsd-x64
55 silly reify mark deleted [
55 silly reify   'D:\\Development\\Web\\medical_expert_system\\frontend\\node_modules\\lightningcss-freebsd-x64'
55 silly reify ]
56 verbose reify failed optional dependency D:\Development\Web\medical_expert_system\frontend\node_modules\lightningcss-darwin-x64
57 silly reify mark deleted [
57 silly reify   'D:\\Development\\Web\\medical_expert_system\\frontend\\node_modules\\lightningcss-darwin-x64'
57 silly reify ]
58 verbose reify failed optional dependency D:\Development\Web\medical_expert_system\frontend\node_modules\lightningcss-darwin-arm64
59 silly reify mark deleted [
59 silly reify   'D:\\Development\\Web\\medical_expert_system\\frontend\\node_modules\\lightningcss-darwin-arm64'
59 silly reify ]
60 verbose reify failed optional dependency D:\Development\Web\medical_expert_system\frontend\node_modules\lightningcss-android-arm64
61 silly reify mark deleted [
61 silly reify   'D:\\Development\\Web\\medical_expert_system\\frontend\\node_modules\\lightningcss-android-arm64'
61 silly reify ]
62 verbose reify failed optional dependency D:\Development\Web\medical_expert_system\frontend\node_modules\fsevents
63 silly reify mark deleted [
63 silly reify   'D:\\Development\\Web\\medical_expert_system\\frontend\\node_modules\\fsevents'
63 silly reify ]
64 verbose reify failed optional dependency D:\Development\Web\medical_expert_system\frontend\node_modules\@tailwindcss\oxide-win32-arm64-msvc
65 silly reify mark deleted [
65 silly reify   'D:\\Development\\Web\\medical_expert_system\\frontend\\node_modules\\@tailwindcss\\oxide-win32-arm64-msvc'
65 silly reify ]
66 verbose reify failed optional dependency D:\Development\Web\medical_expert_system\frontend\node_modules\@tailwindcss\oxide-linux-x64-musl
67 silly reify mark deleted [
67 silly reify   'D:\\Development\\Web\\medical_expert_system\\frontend\\node_modules\\@tailwindcss\\oxide-linux-x64-musl'
67 silly reify ]
68 verbose reify failed optional dependency D:\Development\Web\medical_expert_system\frontend\node_modules\@tailwindcss\oxide-linux-x64-gnu
69 silly reify mark deleted [
69 silly reify   'D:\\Development\\Web\\medical_expert_system\\frontend\\node_modules\\@tailwindcss\\oxide-linux-x64-gnu'
69 silly reify ]
70 verbose reify failed optional dependency D:\Development\Web\medical_expert_system\frontend\node_modules\@tailwindcss\oxide-linux-arm64-musl
71 silly reify mark deleted [
71 silly reify   'D:\\Development\\Web\\medical_expert_system\\frontend\\node_modules\\@tailwindcss\\oxide-linux-arm64-musl'
71 silly reify ]
72 verbose reify failed optional dependency D:\Development\Web\medical_expert_system\frontend\node_modules\@tailwindcss\oxide-linux-arm64-gnu
73 silly reify mark deleted [
73 silly reify   'D:\\Development\\Web\\medical_expert_system\\frontend\\node_modules\\@tailwindcss\\oxide-linux-arm64-gnu'
73 silly reify ]
74 verbose reify failed optional dependency D:\Development\Web\medical_expert_system\frontend\node_modules\@tailwindcss\oxide-linux-arm-gnueabihf
75 silly reify mark deleted [
75 silly reify   'D:\\Development\\Web\\medical_expert_system\\frontend\\node_modules\\@tailwindcss\\oxide-linux-arm-gnueabihf'
75 silly reify ]
76 verbose reify failed optional dependency D:\Development\Web\medical_expert_system\frontend\node_modules\@tailwindcss\oxide-freebsd-x64
77 silly reify mark deleted [
77 silly reify   'D:\\Development\\Web\\medical_expert_system\\frontend\\node_modules\\@tailwindcss\\oxide-freebsd-x64'
77 silly reify ]
78 verbose reify failed optional dependency D:\Development\Web\medical_expert_system\frontend\node_modules\@tailwindcss\oxide-darwin-x64
79 silly reify mark deleted [
79 silly reify   'D:\\Development\\Web\\medical_expert_system\\frontend\\node_modules\\@tailwindcss\\oxide-darwin-x64'
79 silly reify ]
80 verbose reify failed optional dependency D:\Development\Web\medical_expert_system\frontend\node_modules\@tailwindcss\oxide-darwin-arm64
81 silly reify mark deleted [
81 silly reify   'D:\\Development\\Web\\medical_expert_system\\frontend\\node_modules\\@tailwindcss\\oxide-darwin-arm64'
81 silly reify ]
82 verbose reify failed optional dependency D:\Development\Web\medical_expert_system\frontend\node_modules\@tailwindcss\oxide-android-arm64
83 silly reify mark deleted [
83 silly reify   'D:\\Development\\Web\\medical_expert_system\\frontend\\node_modules\\@tailwindcss\\oxide-android-arm64'
83 silly reify ]
84 verbose reify failed optional dependency D:\Development\Web\medical_expert_system\frontend\node_modules\@rollup\rollup-win32-ia32-msvc
85 silly reify mark deleted [
85 silly reify   'D:\\Development\\Web\\medical_expert_system\\frontend\\node_modules\\@rollup\\rollup-win32-ia32-msvc'
85 silly reify ]
86 verbose reify failed optional dependency D:\Development\Web\medical_expert_system\frontend\node_modules\@rollup\rollup-win32-arm64-msvc
87 silly reify mark deleted [
87 silly reify   'D:\\Development\\Web\\medical_expert_system\\frontend\\node_modules\\@rollup\\rollup-win32-arm64-msvc'
87 silly reify ]
88 verbose reify failed optional dependency D:\Development\Web\medical_expert_system\frontend\node_modules\@rollup\rollup-openharmony-arm64
89 silly reify mark deleted [
89 silly reify   'D:\\Development\\Web\\medical_expert_system\\frontend\\node_modules\\@rollup\\rollup-openharmony-arm64'
89 silly reify ]
90 verbose reify failed optional dependency D:\Development\Web\medical_expert_system\frontend\node_modules\@rollup\rollup-openbsd-x64
91 silly reify mark deleted [
91 silly reify   'D:\\Development\\Web\\medical_expert_system\\frontend\\node_modules\\@rollup\\rollup-openbsd-x64'
91 silly reify ]
92 verbose reify failed optional dependency D:\Development\Web\medical_expert_system\frontend\node_modules\@rollup\rollup-linux-x64-musl
93 silly reify mark deleted [
93 silly reify   'D:\\Development\\Web\\medical_expert_system\\frontend\\node_modules\\@rollup\\rollup-linux-x64-musl'
93 silly reify ]
94 verbose reify failed optional dependency D:\Development\Web\medical_expert_system\frontend\node_modules\@rollup\rollup-linux-x64-gnu
95 silly reify mark deleted [
95 silly reify   'D:\\Development\\Web\\medical_expert_system\\frontend\\node_modules\\@rollup\\rollup-linux-x64-gnu'
95 silly reify ]
96 verbose reify failed optional dependency D:\Development\Web\medical_expert_system\frontend\node_modules\@rollup\rollup-linux-s390x-gnu
97 silly reify mark deleted [
97 silly reify   'D:\\Development\\Web\\medical_expert_system\\frontend\\node_modules\\@rollup\\rollup-linux-s390x-gnu'
97 silly reify ]
98 verbose reify failed optional dependency D:\Development\Web\medical_expert_system\frontend\node_modules\@rollup\rollup-linux-riscv64-musl
99 silly reify mark deleted [
99 silly reify   'D:\\Development\\Web\\medical_expert_system\\frontend\\node_modules\\@rollup\\rollup-linux-riscv64-musl'
99 silly reify ]
100 verbose reify failed optional dependency D:\Development\Web\medical_expert_system\frontend\node_modules\@rollup\rollup-linux-riscv64-gnu
101 silly reify mark deleted [
101 silly reify   'D:\\Development\\Web\\medical_expert_system\\frontend\\node_modules\\@rollup\\rollup-linux-riscv64-gnu'
101 silly reify ]
102 verbose reify failed optional dependency D:\Development\Web\medical_expert_system\frontend\node_modules\@rollup\rollup-linux-ppc64-musl
103 silly reify mark deleted [
103 silly reify   'D:\\Development\\Web\\medical_expert_system\\frontend\\node_modules\\@rollup\\rollup-linux-ppc64-musl'
103 silly reify ]
104 verbose reify failed optional dependency D:\Development\Web\medical_expert_system\frontend\node_modules\@rollup\rollup-linux-ppc64-gnu
105 silly reify mark deleted [
105 silly reify   'D:\\Development\\Web\\medical_expert_system\\frontend\\node_modules\\@rollup\\rollup-linux-ppc64-gnu'
105 silly reify ]
106 verbose reify failed optional dependency D:\Development\Web\medical_expert_system\frontend\node_modules\@rollup\rollup-linux-loong64-musl
107 silly reify mark deleted [
107 silly reify   'D:\\Development\\Web\\medical_expert_system\\frontend\\node_modules\\@rollup\\rollup-linux-loong64-musl'
107 silly reify ]
108 verbose reify failed optional dependency D:\Development\Web\medical_expert_system\frontend\node_modules\@rollup\rollup-linux-loong64-gnu
109 silly reify mark deleted [
109 silly reify   'D:\\Development\\Web\\medical_expert_system\\frontend\\node_modules\\@rollup\\rollup-linux-loong64-gnu'
109 silly reify ]
110 verbose reify failed optional dependency D:\Development\Web\medical_expert_system\frontend\node_modules\@rollup\rollup-linux-arm64-musl
111 silly reify mark deleted [
111 silly reify   'D:\\Development\\Web\\medical_expert_system\\frontend\\node_modules\\@rollup\\rollup-linux-arm64-musl'
111 silly reify ]
112 verbose reify failed optional dependency D:\Development\Web\medical_expert_system\frontend\node_modules\@rollup\rollup-linux-arm64-gnu
113 silly reify mark deleted [
113 silly reify   'D:\\Development\\Web\\medical_expert_system\\frontend\\node_modules\\@rollup\\rollup-linux-arm64-gnu'
113 silly reify ]
114 verbose reify failed optional dependency D:\Development\Web\medical_expert_system\frontend\node_modules\@rollup\rollup-linux-arm-musleabihf
115 silly reify mark deleted [
115 silly reify   'D:\\Development\\Web\\medical_expert_system\\frontend\\node_modules\\@rollup\\rollup-linux-arm-musleabihf'
115 silly reify ]
116 verbose reify failed optional dependency D:\Development\Web\medical_expert_system\frontend\node_modules\@rollup\rollup-linux-arm-gnueabihf
117 silly reify mark deleted [
117 silly reify   'D:\\Development\\Web\\medical_expert_system\\frontend\\node_modules\\@rollup\\rollup-linux-arm-gnueabihf'
117 silly reify ]
118 verbose reify failed optional dependency D:\Development\Web\medical_expert_system\frontend\node_modules\@rollup\rollup-freebsd-x64
119 silly reify mark deleted [
119 silly reify   'D:\\Development\\Web\\medical_expert_system\\frontend\\node_modules\\@rollup\\rollup-freebsd-x64'
119 silly reify ]
120 verbose reify failed optional dependency D:\Development\Web\medical_expert_system\frontend\node_modules\@rollup\rollup-freebsd-arm64
121 silly reify mark deleted [
121 silly reify   'D:\\Development\\Web\\medical_expert_system\\frontend\\node_modules\\@rollup\\rollup-freebsd-arm64'
121 silly reify ]
122 verbose reify failed optional dependency D:\Development\Web\medical_expert_system\frontend\node_modules\@rollup\rollup-darwin-x64
123 silly reify mark deleted [
123 silly reify   'D:\\Development\\Web\\medical_expert_system\\frontend\\node_modules\\@rollup\\rollup-darwin-x64'
123 silly reify ]
124 verbose reify failed optional dependency D:\Development\Web\medical_expert_system\frontend\node_modules\@rollup\rollup-darwin-arm64
125 silly reify mark deleted [
125 silly reify   'D:\\Development\\Web\\medical_expert_system\\frontend\\node_modules\\@rollup\\rollup-darwin-arm64'
125 silly reify ]
126 verbose reify failed optional dependency D:\Development\Web\medical_expert_system\frontend\node_modules\@rollup\rollup-android-arm64
127 silly reify mark deleted [
127 silly reify   'D:\\Development\\Web\\medical_expert_system\\frontend\\node_modules\\@rollup\\rollup-android-arm64'
127 silly reify ]
128 verbose reify failed optional dependency D:\Development\Web\medical_expert_system\frontend\node_modules\@rollup\rollup-android-arm-eabi
129 silly reify mark deleted [
129 silly reify   'D:\\Development\\Web\\medical_expert_system\\frontend\\node_modules\\@rollup\\rollup-android-arm-eabi'
129 silly reify ]
130 verbose reify failed optional dependency D:\Development\Web\medical_expert_system\frontend\node_modules\@esbuild\win32-ia32
131 silly reify mark deleted [
131 silly reify   'D:\\Development\\Web\\medical_expert_system\\frontend\\node_modules\\@esbuild\\win32-ia32'
131 silly reify ]
132 verbose reify failed optional dependency D:\Development\Web\medical_expert_system\frontend\node_modules\@esbuild\win32-arm64
133 silly reify mark deleted [
133 silly reify   'D:\\Development\\Web\\medical_expert_system\\frontend\\node_modules\\@esbuild\\win32-arm64'
133 silly reify ]
134 verbose reify failed optional dependency D:\Development\Web\medical_expert_system\frontend\node_modules\@esbuild\sunos-x64
135 silly reify mark deleted [
135 silly reify   'D:\\Development\\Web\\medical_expert_system\\frontend\\node_modules\\@esbuild\\sunos-x64'
135 silly reify ]
136 verbose reify failed optional dependency D:\Development\Web\medical_expert_system\frontend\node_modules\@esbuild\openbsd-x64
137 silly reify mark deleted [
137 silly reify   'D:\\Development\\Web\\medical_expert_system\\frontend\\node_modules\\@esbuild\\openbsd-x64'
137 silly reify ]
138 verbose reify failed optional dependency D:\Development\Web\medical_expert_system\frontend\node_modules\@esbuild\netbsd-x64
139 silly reify mark deleted [
139 silly reify   'D:\\Development\\Web\\medical_expert_system\\frontend\\node_modules\\@esbuild\\netbsd-x64'
139 silly reify ]
140 verbose reify failed optional dependency D:\Development\Web\medical_expert_system\frontend\node_modules\@esbuild\linux-x64
141 silly reify mark deleted [
141 silly reify   'D:\\Development\\Web\\medical_expert_system\\frontend\\node_modules\\@esbuild\\linux-x64'
141 silly reify ]
142 verbose reify failed optional dependency D:\Development\Web\medical_expert_system\frontend\node_modules\@esbuild\linux-s390x
143 silly reify mark deleted [
143 silly reify   'D:\\Development\\Web\\medical_expert_system\\frontend\\node_modules\\@esbuild\\linux-s390x'
143 silly reify ]
144 verbose reify failed optional dependency D:\Development\Web\medical_expert_system\frontend\node_modules\@esbuild\linux-riscv64
145 silly reify mark deleted [
145 silly reify   'D:\\Development\\Web\\medical_expert_system\\frontend\\node_modules\\@esbuild\\linux-riscv64'
145 silly reify ]
146 verbose reify failed optional dependency D:\Development\Web\medical_expert_system\frontend\node_modules\@esbuild\linux-ppc64
147 silly reify mark deleted [
147 silly reify   'D:\\Development\\Web\\medical_expert_system\\frontend\\node_modules\\@esbuild\\linux-ppc64'
147 silly reify ]
148 verbose reify failed optional dependency D:\Development\Web\medical_expert_system\frontend\node_modules\@esbuild\linux-mips64el
149 silly reify mark deleted [
149 silly reify   'D:\\Development\\Web\\medical_expert_system\\frontend\\node_modules\\@esbuild\\linux-mips64el'
149 silly reify ]
150 verbose reify failed optional dependency D:\Development\Web\medical_expert_system\frontend\node_modules\@esbuild\linux-loong64
151 silly reify mark deleted [
151 silly reify   'D:\\Development\\Web\\medical_expert_system\\frontend\\node_modules\\@esbuild\\linux-loong64'
151 silly reify ]
152 verbose reify failed optional dependency D:\Development\Web\medical_expert_system\frontend\node_modules\@esbuild\linux-ia32
153 silly reify mark deleted [
153 silly reify   'D:\\Development\\Web\\medical_expert_system\\frontend\\node_modules\\@esbuild\\linux-ia32'
153 silly reify ]
154 verbose reify failed optional dependency D:\Development\Web\medical_expert_system\frontend\node_modules\@esbuild\linux-arm64
155 silly reify mark deleted [
155 silly reify   'D:\\Development\\Web\\medical_expert_system\\frontend\\node_modules\\@esbuild\\linux-arm64'
155 silly reify ]
156 verbose reify failed optional dependency D:\Development\Web\medical_expert_system\frontend\node_modules\@esbuild\linux-arm
157 silly reify mark deleted [
157 silly reify   'D:\\Development\\Web\\medical_expert_system\\frontend\\node_modules\\@esbuild\\linux-arm'
157 silly reify ]
158 verbose reify failed optional dependency D:\Development\Web\medical_expert_system\frontend\node_modules\@esbuild\freebsd-x64
159 silly reify mark deleted [
159 silly reify   'D:\\Development\\Web\\medical_expert_system\\frontend\\node_modules\\@esbuild\\freebsd-x64'
159 silly reify ]
160 verbose reify failed optional dependency D:\Development\Web\medical_expert_system\frontend\node_modules\@esbuild\freebsd-arm64
161 silly reify mark deleted [
161 silly reify   'D:\\Development\\Web\\medical_expert_system\\frontend\\node_modules\\@esbuild\\freebsd-arm64'
161 silly reify ]
162 verbose reify failed optional dependency D:\Development\Web\medical_expert_system\frontend\node_modules\@esbuild\darwin-x64
163 silly reify mark deleted [
163 silly reify   'D:\\Development\\Web\\medical_expert_system\\frontend\\node_modules\\@esbuild\\darwin-x64'
163 silly reify ]
164 verbose reify failed optional dependency D:\Development\Web\medical_expert_system\frontend\node_modules\@esbuild\darwin-arm64
165 silly reify mark deleted [
165 silly reify   'D:\\Development\\Web\\medical_expert_system\\frontend\\node_modules\\@esbuild\\darwin-arm64'
165 silly reify ]
166 verbose reify failed optional dependency D:\Development\Web\medical_expert_system\frontend\node_modules\@esbuild\android-x64
167 silly reify mark deleted [
167 silly reify   'D:\\Development\\Web\\medical_expert_system\\frontend\\node_modules\\@esbuild\\android-x64'
167 silly reify ]
168 verbose reify failed optional dependency D:\Development\Web\medical_expert_system\frontend\node_modules\@esbuild\android-arm64
169 silly reify mark deleted [
169 silly reify   'D:\\Development\\Web\\medical_expert_system\\frontend\\node_modules\\@esbuild\\android-arm64'
169 silly reify ]
170 verbose reify failed optional dependency D:\Development\Web\medical_expert_system\frontend\node_modules\@esbuild\android-arm
171 silly reify mark deleted [
171 silly reify   'D:\\Development\\Web\\medical_expert_system\\frontend\\node_modules\\@esbuild\\android-arm'
171 silly reify ]
172 verbose reify failed optional dependency D:\Development\Web\medical_expert_system\frontend\node_modules\@esbuild\aix-ppc64
173 silly reify mark deleted [
173 silly reify   'D:\\Development\\Web\\medical_expert_system\\frontend\\node_modules\\@esbuild\\aix-ppc64'
173 silly reify ]
174 http fetch POST 200 https://registry.npmjs.org/-/npm/v1/security/advisories/bulk 2955ms
175 silly audit report {
175 silly audit report   esbuild: [
175 silly audit report     {
175 silly audit report       id: 1102341,
175 silly audit report       url: 'https://github.com/advisories/GHSA-67mh-4wv8-2f99',
175 silly audit report       title: 'esbuild enables any website to send any requests to the development server and read the response',
175 silly audit report       severity: 'moderate',
175 silly audit report       vulnerable_versions: '<=0.24.2',
175 silly audit report       cwe: [Array],
175 silly audit report       cvss: [Object]
175 silly audit report     }
175 silly audit report   ],
175 silly audit report   vite: [
175 silly audit report     {
175 silly audit report       id: 1116229,
175 silly audit report       url: 'https://github.com/advisories/GHSA-4w7w-66w2-5vf9',
175 silly audit report       title: 'Vite Vulnerable to Path Traversal in Optimized Deps `.map` Handling',
175 silly audit report       severity: 'moderate',
175 silly audit report       vulnerable_versions: '<=6.4.1',
175 silly audit report       cwe: [Array],
175 silly audit report       cvss: [Object]
175 silly audit report     }
175 silly audit report   ]
175 silly audit report }
176 silly packumentCache corgi:https://registry.npmjs.org/esbuild cache-miss
177 silly packumentCache corgi:https://registry.npmjs.org/vite cache-miss
178 http fetch GET 200 https://registry.npmjs.org/esbuild 481ms (cache revalidated)
179 silly packumentCache corgi:https://registry.npmjs.org/esbuild set size:885757 disposed:false
180 http fetch GET 200 https://registry.npmjs.org/vite 901ms (cache revalidated)
181 silly packumentCache corgi:https://registry.npmjs.org/vite set size:2234939 disposed:false
182 silly packumentCache corgi:https://registry.npmjs.org/@tailwindcss%2fvite cache-miss
183 silly packumentCache corgi:https://registry.npmjs.org/@vitejs%2fplugin-react cache-miss
184 http fetch GET 200 https://registry.npmjs.org/@vitejs%2fplugin-react 923ms (cache revalidated)
185 silly packumentCache corgi:https://registry.npmjs.org/@vitejs%2fplugin-react set size:112470 disposed:false
186 http fetch GET 200 https://registry.npmjs.org/@tailwindcss%2fvite 947ms (cache revalidated)
187 silly packumentCache corgi:https://registry.npmjs.org/@tailwindcss%2fvite set size:787354 disposed:false
188 silly ADD
189 silly ADD
190 silly ADD
191 silly ADD
192 silly ADD
193 silly ADD
194 silly ADD
195 silly ADD
196 silly ADD
197 silly ADD
198 silly ADD
199 silly ADD
200 silly ADD
201 silly ADD
202 silly ADD
203 silly ADD
204 silly ADD
205 silly ADD
206 silly ADD
207 silly ADD
208 silly ADD
209 silly ADD
210 silly ADD
211 silly ADD
212 silly ADD
213 silly ADD
214 silly ADD
215 silly ADD
216 silly ADD
217 silly ADD
218 silly ADD
219 silly ADD
220 silly ADD
221 silly ADD
222 silly ADD
223 silly ADD
224 silly ADD
225 silly ADD
226 silly ADD
227 silly ADD
228 silly ADD
229 silly ADD
230 silly ADD
231 silly ADD
232 silly ADD
233 silly ADD
234 silly ADD
235 silly ADD
236 silly ADD
237 silly ADD
238 silly ADD
239 silly ADD
240 silly ADD
241 silly ADD
242 silly ADD
243 silly ADD
244 silly ADD
245 silly ADD
246 silly ADD
247 silly ADD
248 silly ADD
249 silly ADD
250 silly ADD
251 silly ADD
252 silly ADD
253 silly ADD
254 silly ADD
255 silly REMOVE node_modules/utrie
256 silly REMOVE node_modules/text-segmentation
257 silly REMOVE node_modules/svg-pathdata
258 silly REMOVE node_modules/stackblur-canvas
259 silly REMOVE node_modules/rgbcolor
260 silly REMOVE node_modules/regenerator-runtime
261 silly REMOVE node_modules/raf
262 silly REMOVE node_modules/performance-now
263 silly REMOVE node_modules/pako
264 silly REMOVE node_modules/jspdf
265 silly REMOVE node_modules/iobuffer
266 silly REMOVE node_modules/html2pdf.js
267 silly REMOVE node_modules/html2canvas
268 silly REMOVE node_modules/fflate
269 silly REMOVE node_modules/fast-png
270 silly REMOVE node_modules/dompurify
271 silly REMOVE node_modules/css-line-break
272 silly REMOVE node_modules/core-js
273 silly REMOVE node_modules/canvg
274 silly REMOVE node_modules/base64-arraybuffer
275 silly REMOVE node_modules/@types/trusted-types
276 silly REMOVE node_modules/@types/raf
277 silly REMOVE node_modules/@types/pako
278 silly REMOVE node_modules/@babel/runtime
279 verbose cwd D:\Development\Web\medical_expert_system\frontend
280 verbose os Windows_NT 10.0.26200
281 verbose node v22.15.0
282 verbose npm  v10.9.2
283 verbose exit 0
284 info ok
