0 verbose cli C:\Program Files\nodejs\node.exe C:\Program Files\nodejs\node_modules\npm\bin\npm-cli.js
1 info using npm@10.9.2
2 info using node@v22.15.0
3 silly config load:file:C:\Program Files\nodejs\node_modules\npm\npmrc
4 silly config load:file:D:\Development\Web\medical_expert_system\frontend\.npmrc
5 silly config load:file:C:\Users\MR AME\.npmrc
6 silly config load:file:C:\Users\MR AME\AppData\Roaming\npm\etc\npmrc
7 verbose title npm install dom-to-image-more jspdf
8 verbose argv "install" "dom-to-image-more" "jspdf"
9 verbose logfile logs-max:10 dir:D:\Development\Web\medical_expert_system\frontend\npm-cache\_logs\2026-04-26T14_37_40_593Z-
10 verbose logfile D:\Development\Web\medical_expert_system\frontend\npm-cache\_logs\2026-04-26T14_37_40_593Z-debug-0.log
11 silly logfile start cleaning logs, removing 1 files
12 silly packumentCache heap:4345298944 maxSize:1086324736 maxEntrySize:543162368
13 silly logfile done cleaning log files
14 silly idealTree buildDeps
15 silly fetch manifest dom-to-image-more@*
16 silly packumentCache full:https://registry.npmjs.org/dom-to-image-more cache-miss
17 http fetch GET 200 https://registry.npmjs.org/dom-to-image-more 963ms (cache miss)
18 silly packumentCache full:https://registry.npmjs.org/dom-to-image-more set size:undefined disposed:false
19 silly fetch manifest jspdf@*
20 silly packumentCache full:https://registry.npmjs.org/jspdf cache-miss
21 http cache https://registry.npmjs.org/jspdf 17ms (cache hit)
22 silly packumentCache full:https://registry.npmjs.org/jspdf set size:144730 disposed:false
23 silly placeDep ROOT dom-to-image-more@3.7.2 OK for: medical-diagnosis-ui@1.0.0 want: *
24 silly placeDep ROOT jspdf@4.2.1 OK for: medical-diagnosis-ui@1.0.0 want: *
25 silly fetch manifest @babel/runtime@^7.28.6
26 silly packumentCache full:https://registry.npmjs.org/@babel%2fruntime cache-miss
27 silly fetch manifest fflate@^0.8.1
28 silly packumentCache full:https://registry.npmjs.org/fflate cache-miss
29 silly fetch manifest fast-png@^6.2.0
30 silly packumentCache full:https://registry.npmjs.org/fast-png cache-miss
31 silly fetch manifest canvg@^3.0.11
32 silly packumentCache full:https://registry.npmjs.org/canvg cache-miss
33 silly fetch manifest core-js@^3.6.0
34 silly packumentCache full:https://registry.npmjs.org/core-js cache-miss
35 silly fetch manifest dompurify@^3.3.1
36 silly packumentCache full:https://registry.npmjs.org/dompurify cache-miss
37 silly fetch manifest html2canvas@^1.0.0-rc.5
38 silly packumentCache full:https://registry.npmjs.org/html2canvas cache-miss
39 http cache https://registry.npmjs.org/fflate 37ms (cache hit)
40 silly packumentCache full:https://registry.npmjs.org/fflate set size:230492 disposed:false
41 http cache https://registry.npmjs.org/fast-png 43ms (cache hit)
42 silly packumentCache full:https://registry.npmjs.org/fast-png set size:74699 disposed:false
43 http cache https://registry.npmjs.org/dompurify 46ms (cache hit)
44 silly packumentCache full:https://registry.npmjs.org/dompurify set size:661203 disposed:false
45 http cache https://registry.npmjs.org/core-js 59ms (cache hit)
46 silly packumentCache full:https://registry.npmjs.org/core-js set size:814557 disposed:false
47 http cache https://registry.npmjs.org/@babel%2fruntime 86ms (cache hit)
48 silly packumentCache full:https://registry.npmjs.org/@babel%2fruntime set size:3372292 disposed:false
49 http cache https://registry.npmjs.org/html2canvas 134ms (cache hit)
50 silly packumentCache full:https://registry.npmjs.org/html2canvas set size:186292 disposed:false
51 http cache https://registry.npmjs.org/canvg 141ms (cache hit)
52 silly packumentCache full:https://registry.npmjs.org/canvg set size:115798 disposed:false
53 silly placeDep ROOT @babel/runtime@7.29.2 OK for: jspdf@4.2.1 want: ^7.28.6
54 silly placeDep ROOT canvg@3.0.11 OK for: jspdf@4.2.1 want: ^3.0.11
55 silly placeDep ROOT core-js@3.49.0 OK for: jspdf@4.2.1 want: ^3.6.0
56 silly placeDep ROOT dompurify@3.4.1 OK for: jspdf@4.2.1 want: ^3.3.1
57 silly placeDep ROOT fast-png@6.4.0 OK for: jspdf@4.2.1 want: ^6.2.0
58 silly placeDep ROOT fflate@0.8.2 OK for: jspdf@4.2.1 want: ^0.8.1
59 silly placeDep ROOT html2canvas@1.4.1 OK for: jspdf@4.2.1 want: ^1.0.0-rc.5
60 silly fetch manifest raf@^3.4.1
61 silly packumentCache full:https://registry.npmjs.org/raf cache-miss
62 silly fetch manifest core-js@^3.8.3
63 silly packumentCache full:https://registry.npmjs.org/core-js cache-hit
64 silly fetch manifest rgbcolor@^1.0.1
65 silly packumentCache full:https://registry.npmjs.org/rgbcolor cache-miss
66 silly fetch manifest @types/raf@^3.4.0
67 silly packumentCache full:https://registry.npmjs.org/@types%2fraf cache-miss
68 silly fetch manifest svg-pathdata@^6.0.3
69 silly packumentCache full:https://registry.npmjs.org/svg-pathdata cache-miss
70 silly fetch manifest stackblur-canvas@^2.0.0
71 silly packumentCache full:https://registry.npmjs.org/stackblur-canvas cache-miss
72 silly fetch manifest regenerator-runtime@^0.13.7
73 silly packumentCache full:https://registry.npmjs.org/regenerator-runtime cache-miss
74 silly fetch manifest @types/trusted-types@^2.0.7
75 silly packumentCache full:https://registry.npmjs.org/@types%2ftrusted-types cache-miss
76 http cache https://registry.npmjs.org/regenerator-runtime 25ms (cache hit)
77 silly packumentCache full:https://registry.npmjs.org/regenerator-runtime set size:59671 disposed:false
78 silly fetch manifest pako@^2.1.0
79 silly packumentCache full:https://registry.npmjs.org/pako cache-miss
80 http cache https://registry.npmjs.org/rgbcolor 31ms (cache hit)
81 silly packumentCache full:https://registry.npmjs.org/rgbcolor set size:11176 disposed:false
82 silly fetch manifest iobuffer@^5.3.2
83 silly packumentCache full:https://registry.npmjs.org/iobuffer cache-miss
84 http cache https://registry.npmjs.org/stackblur-canvas 33ms (cache hit)
85 silly packumentCache full:https://registry.npmjs.org/stackblur-canvas set size:48242 disposed:false
86 silly fetch manifest @types/pako@^2.0.3
87 silly packumentCache full:https://registry.npmjs.org/@types%2fpako cache-miss
88 http cache https://registry.npmjs.org/raf 41ms (cache hit)
89 silly packumentCache full:https://registry.npmjs.org/raf set size:44936 disposed:false
90 silly fetch manifest css-line-break@^2.1.0
91 silly packumentCache full:https://registry.npmjs.org/css-line-break cache-miss
92 http cache https://registry.npmjs.org/@types%2fraf 44ms (cache hit)
93 silly packumentCache full:https://registry.npmjs.org/@types%2fraf set size:7815 disposed:false
94 silly fetch manifest text-segmentation@^1.0.3
95 silly packumentCache full:https://registry.npmjs.org/text-segmentation cache-miss
96 http cache https://registry.npmjs.org/@types%2ftrusted-types 42ms (cache hit)
97 silly packumentCache full:https://registry.npmjs.org/@types%2ftrusted-types set size:37046 disposed:false
98 http cache https://registry.npmjs.org/svg-pathdata 48ms (cache hit)
99 silly packumentCache full:https://registry.npmjs.org/svg-pathdata set size:133955 disposed:false
100 http cache https://registry.npmjs.org/iobuffer 42ms (cache hit)
101 silly packumentCache full:https://registry.npmjs.org/iobuffer set size:73595 disposed:false
102 http cache https://registry.npmjs.org/css-line-break 45ms (cache hit)
103 silly packumentCache full:https://registry.npmjs.org/css-line-break set size:33209 disposed:false
104 http cache https://registry.npmjs.org/pako 60ms (cache hit)
105 silly packumentCache full:https://registry.npmjs.org/pako set size:74234 disposed:false
106 http cache https://registry.npmjs.org/text-segmentation 48ms (cache hit)
107 silly packumentCache full:https://registry.npmjs.org/text-segmentation set size:15383 disposed:false
108 http cache https://registry.npmjs.org/@types%2fpako 56ms (cache hit)
109 silly packumentCache full:https://registry.npmjs.org/@types%2fpako set size:43592 disposed:false
110 silly placeDep ROOT @types/raf@3.4.3 OK for: canvg@3.0.11 want: ^3.4.0
111 silly placeDep ROOT raf@3.4.1 OK for: canvg@3.0.11 want: ^3.4.1
112 silly placeDep ROOT regenerator-runtime@0.13.11 OK for: canvg@3.0.11 want: ^0.13.7
113 silly placeDep ROOT rgbcolor@1.0.1 OK for: canvg@3.0.11 want: ^1.0.1
114 silly placeDep ROOT stackblur-canvas@2.7.0 OK for: canvg@3.0.11 want: ^2.0.0
115 silly placeDep ROOT svg-pathdata@6.0.3 OK for: canvg@3.0.11 want: ^6.0.3
116 silly fetch manifest performance-now@^2.1.0
117 silly packumentCache full:https://registry.npmjs.org/performance-now cache-miss
118 http cache https://registry.npmjs.org/performance-now 11ms (cache hit)
119 silly packumentCache full:https://registry.npmjs.org/performance-now set size:19893 disposed:false
120 silly placeDep ROOT @types/trusted-types@2.0.7 OK for: dompurify@3.4.1 want: ^2.0.7
121 silly placeDep ROOT @types/pako@2.0.4 OK for: fast-png@6.4.0 want: ^2.0.3
122 silly placeDep ROOT iobuffer@5.4.0 OK for: fast-png@6.4.0 want: ^5.3.2
123 silly placeDep ROOT pako@2.1.0 OK for: fast-png@6.4.0 want: ^2.1.0
124 silly placeDep ROOT css-line-break@2.1.0 OK for: html2canvas@1.4.1 want: ^2.1.0
125 silly placeDep ROOT text-segmentation@1.0.3 OK for: html2canvas@1.4.1 want: ^1.0.3
126 silly fetch manifest utrie@^1.0.2
127 silly packumentCache full:https://registry.npmjs.org/utrie cache-miss
128 silly fetch manifest utrie@^1.0.2
129 silly packumentCache full:https://registry.npmjs.org/utrie cache-miss
130 http cache https://registry.npmjs.org/utrie 14ms (cache hit)
131 silly packumentCache full:https://registry.npmjs.org/utrie set size:10249 disposed:false
132 http cache https://registry.npmjs.org/utrie 17ms (cache hit)
133 silly packumentCache full:https://registry.npmjs.org/utrie set size:10249 disposed:false
134 silly packumentCache full:https://registry.npmjs.org/utrie dispose
135 silly placeDep ROOT utrie@1.0.2 OK for: css-line-break@2.1.0 want: ^1.0.2
136 silly fetch manifest base64-arraybuffer@^1.0.2
137 silly packumentCache full:https://registry.npmjs.org/base64-arraybuffer cache-miss
138 http cache https://registry.npmjs.org/base64-arraybuffer 9ms (cache hit)
139 silly packumentCache full:https://registry.npmjs.org/base64-arraybuffer set size:21740 disposed:false
140 silly placeDep ROOT performance-now@2.1.0 OK for: raf@3.4.1 want: ^2.1.0
141 silly placeDep ROOT base64-arraybuffer@1.0.2 OK for: utrie@1.0.2 want: ^1.0.2
142 silly reify moves {}
143 verbose reify failed optional dependency D:\Development\Web\medical_expert_system\frontend\node_modules\@tailwindcss\oxide-wasm32-wasi
144 silly reify mark deleted [
144 silly reify   'D:\\Development\\Web\\medical_expert_system\\frontend\\node_modules\\@tailwindcss\\oxide-wasm32-wasi'
144 silly reify ]
145 silly audit bulk request {
145 silly audit   '@babel/code-frame': [ '7.29.0' ],
145 silly audit   '@babel/compat-data': [ '7.29.0' ],
145 silly audit   '@babel/core': [ '7.29.0' ],
145 silly audit   '@babel/generator': [ '7.29.1' ],
145 silly audit   '@babel/helper-compilation-targets': [ '7.28.6' ],
145 silly audit   '@babel/helper-globals': [ '7.28.0' ],
145 silly audit   '@babel/helper-module-imports': [ '7.28.6' ],
145 silly audit   '@babel/helper-module-transforms': [ '7.28.6' ],
145 silly audit   '@babel/helper-plugin-utils': [ '7.28.6' ],
145 silly audit   '@babel/helper-string-parser': [ '7.27.1' ],
145 silly audit   '@babel/helper-validator-identifier': [ '7.28.5' ],
145 silly audit   '@babel/helper-validator-option': [ '7.27.1' ],
145 silly audit   '@babel/helpers': [ '7.29.2' ],
145 silly audit   '@babel/parser': [ '7.29.2' ],
145 silly audit   '@babel/plugin-transform-react-jsx-self': [ '7.27.1' ],
145 silly audit   '@babel/plugin-transform-react-jsx-source': [ '7.27.1' ],
145 silly audit   '@babel/template': [ '7.28.6' ],
145 silly audit   '@babel/traverse': [ '7.29.0' ],
145 silly audit   '@babel/types': [ '7.29.0' ],
145 silly audit   '@esbuild/aix-ppc64': [ '0.21.5' ],
145 silly audit   '@esbuild/android-arm': [ '0.21.5' ],
145 silly audit   '@esbuild/android-arm64': [ '0.21.5' ],
145 silly audit   '@esbuild/android-x64': [ '0.21.5' ],
145 silly audit   '@esbuild/darwin-arm64': [ '0.21.5' ],
145 silly audit   '@esbuild/darwin-x64': [ '0.21.5' ],
145 silly audit   '@esbuild/freebsd-arm64': [ '0.21.5' ],
145 silly audit   '@esbuild/freebsd-x64': [ '0.21.5' ],
145 silly audit   '@esbuild/linux-arm': [ '0.21.5' ],
145 silly audit   '@esbuild/linux-arm64': [ '0.21.5' ],
145 silly audit   '@esbuild/linux-ia32': [ '0.21.5' ],
145 silly audit   '@esbuild/linux-loong64': [ '0.21.5' ],
145 silly audit   '@esbuild/linux-mips64el': [ '0.21.5' ],
145 silly audit   '@esbuild/linux-ppc64': [ '0.21.5' ],
145 silly audit   '@esbuild/linux-riscv64': [ '0.21.5' ],
145 silly audit   '@esbuild/linux-s390x': [ '0.21.5' ],
145 silly audit   '@esbuild/linux-x64': [ '0.21.5' ],
145 silly audit   '@esbuild/netbsd-x64': [ '0.21.5' ],
145 silly audit   '@esbuild/openbsd-x64': [ '0.21.5' ],
145 silly audit   '@esbuild/sunos-x64': [ '0.21.5' ],
145 silly audit   '@esbuild/win32-arm64': [ '0.21.5' ],
145 silly audit   '@esbuild/win32-ia32': [ '0.21.5' ],
145 silly audit   '@esbuild/win32-x64': [ '0.21.5' ],
145 silly audit   '@jridgewell/gen-mapping': [ '0.3.13' ],
145 silly audit   '@jridgewell/remapping': [ '2.3.5' ],
145 silly audit   '@jridgewell/resolve-uri': [ '3.1.2' ],
145 silly audit   '@jridgewell/sourcemap-codec': [ '1.5.5' ],
145 silly audit   '@jridgewell/trace-mapping': [ '0.3.31' ],
145 silly audit   '@rolldown/pluginutils': [ '1.0.0-beta.27' ],
145 silly audit   '@rollup/rollup-android-arm-eabi': [ '4.60.2' ],
145 silly audit   '@rollup/rollup-android-arm64': [ '4.60.2' ],
145 silly audit   '@rollup/rollup-darwin-arm64': [ '4.60.2' ],
145 silly audit   '@rollup/rollup-darwin-x64': [ '4.60.2' ],
145 silly audit   '@rollup/rollup-freebsd-arm64': [ '4.60.2' ],
145 silly audit   '@rollup/rollup-freebsd-x64': [ '4.60.2' ],
145 silly audit   '@rollup/rollup-linux-arm-gnueabihf': [ '4.60.2' ],
145 silly audit   '@rollup/rollup-linux-arm-musleabihf': [ '4.60.2' ],
145 silly audit   '@rollup/rollup-linux-arm64-gnu': [ '4.60.2' ],
145 silly audit   '@rollup/rollup-linux-arm64-musl': [ '4.60.2' ],
145 silly audit   '@rollup/rollup-linux-loong64-gnu': [ '4.60.2' ],
145 silly audit   '@rollup/rollup-linux-loong64-musl': [ '4.60.2' ],
145 silly audit   '@rollup/rollup-linux-ppc64-gnu': [ '4.60.2' ],
145 silly audit   '@rollup/rollup-linux-ppc64-musl': [ '4.60.2' ],
145 silly audit   '@rollup/rollup-linux-riscv64-gnu': [ '4.60.2' ],
145 silly audit   '@rollup/rollup-linux-riscv64-musl': [ '4.60.2' ],
145 silly audit   '@rollup/rollup-linux-s390x-gnu': [ '4.60.2' ],
145 silly audit   '@rollup/rollup-linux-x64-gnu': [ '4.60.2' ],
145 silly audit   '@rollup/rollup-linux-x64-musl': [ '4.60.2' ],
145 silly audit   '@rollup/rollup-openbsd-x64': [ '4.60.2' ],
145 silly audit   '@rollup/rollup-openharmony-arm64': [ '4.60.2' ],
145 silly audit   '@rollup/rollup-win32-arm64-msvc': [ '4.60.2' ],
145 silly audit   '@rollup/rollup-win32-ia32-msvc': [ '4.60.2' ],
145 silly audit   '@rollup/rollup-win32-x64-gnu': [ '4.60.2' ],
145 silly audit   '@rollup/rollup-win32-x64-msvc': [ '4.60.2' ],
145 silly audit   '@tailwindcss/node': [ '4.2.3' ],
145 silly audit   '@tailwindcss/oxide': [ '4.2.3' ],
145 silly audit   '@tailwindcss/oxide-android-arm64': [ '4.2.3' ],
145 silly audit   '@tailwindcss/oxide-darwin-arm64': [ '4.2.3' ],
145 silly audit   '@tailwindcss/oxide-darwin-x64': [ '4.2.3' ],
145 silly audit   '@tailwindcss/oxide-freebsd-x64': [ '4.2.3' ],
145 silly audit   '@tailwindcss/oxide-linux-arm-gnueabihf': [ '4.2.3' ],
145 silly audit   '@tailwindcss/oxide-linux-arm64-gnu': [ '4.2.3' ],
145 silly audit   '@tailwindcss/oxide-linux-arm64-musl': [ '4.2.3' ],
145 silly audit   '@tailwindcss/oxide-linux-x64-gnu': [ '4.2.3' ],
145 silly audit   '@tailwindcss/oxide-linux-x64-musl': [ '4.2.3' ],
145 silly audit   '@tailwindcss/oxide-win32-arm64-msvc': [ '4.2.3' ],
145 silly audit   '@tailwindcss/oxide-win32-x64-msvc': [ '4.2.3' ],
145 silly audit   '@tailwindcss/vite': [ '4.2.3' ],
145 silly audit   '@types/babel__core': [ '7.20.5' ],
145 silly audit   '@types/babel__generator': [ '7.27.0' ],
145 silly audit   '@types/babel__template': [ '7.4.4' ],
145 silly audit   '@types/babel__traverse': [ '7.28.0' ],
145 silly audit   '@types/estree': [ '1.0.8' ],
145 silly audit   '@types/prop-types': [ '15.7.15' ],
145 silly audit   '@types/react': [ '18.3.28' ],
145 silly audit   '@types/react-dom': [ '18.3.7' ],
145 silly audit   '@vitejs/plugin-react': [ '4.7.0' ],
145 silly audit   asynckit: [ '0.4.0' ],
145 silly audit   axios: [ '1.15.1' ],
145 silly audit   'baseline-browser-mapping': [ '2.10.20' ],
145 silly audit   browserslist: [ '4.28.2' ],
145 silly audit   'call-bind-apply-helpers': [ '1.0.2' ],
145 silly audit   'caniuse-lite': [ '1.0.30001788' ],
145 silly audit   'combined-stream': [ '1.0.8' ],
145 silly audit   'convert-source-map': [ '2.0.0' ],
145 silly audit   cookie: [ '1.1.1' ],
145 silly audit   csstype: [ '3.2.3' ],
145 silly audit   debug: [ '4.4.3' ],
145 silly audit   'delayed-stream': [ '1.0.0' ],
145 silly audit   'detect-libc': [ '2.1.2' ],
145 silly audit   'dunder-proto': [ '1.0.1' ],
145 silly audit   'electron-to-chromium': [ '1.5.340' ],
145 silly audit   'enhanced-resolve': [ '5.20.1' ],
145 silly audit   'es-define-property': [ '1.0.1' ],
145 silly audit   'es-errors': [ '1.3.0' ],
145 silly audit   'es-object-atoms': [ '1.1.1' ],
145 silly audit   'es-set-tostringtag': [ '2.1.0' ],
145 silly audit   esbuild: [ '0.21.5' ],
145 silly audit   escalade: [ '3.2.0' ],
145 silly audit   'follow-redirects': [ '1.16.0' ],
145 silly audit   'form-data': [ '4.0.5' ],
145 silly audit   fsevents: [ '2.3.3' ],
145 silly audit   'function-bind': [ '1.1.2' ],
145 silly audit   gensync: [ '1.0.0-beta.2' ],
145 silly audit   'get-intrinsic': [ '1.3.0' ],
145 silly audit   'get-proto': [ '1.0.1' ],
145 silly audit   gopd: [ '1.2.0' ],
145 silly audit   'graceful-fs': [ '4.2.11' ],
145 silly audit   'has-symbols': [ '1.1.0' ],
145 silly audit   'has-tostringtag': [ '1.0.2' ],
145 silly audit   hasown: [ '2.0.3' ],
145 silly audit   jiti: [ '2.6.1' ],
145 silly audit   'js-tokens': [ '4.0.0' ],
145 silly audit   jsesc: [ '3.1.0' ],
145 silly audit   json5: [ '2.2.3' ],
145 silly audit   'jwt-decode': [ '4.0.0' ],
145 silly audit   lightningcss: [ '1.32.0' ],
145 silly audit   'lightningcss-android-arm64': [ '1.32.0' ],
145 silly audit   'lightningcss-darwin-arm64': [ '1.32.0' ],
145 silly audit   'lightningcss-darwin-x64': [ '1.32.0' ],
145 silly audit   'lightningcss-freebsd-x64': [ '1.32.0' ],
145 silly audit   'lightningcss-linux-arm-gnueabihf': [ '1.32.0' ],
145 silly audit   'lightningcss-linux-arm64-gnu': [ '1.32.0' ],
145 silly audit   'lightningcss-linux-arm64-musl': [ '1.32.0' ],
145 silly audit   'lightningcss-linux-x64-gnu': [ '1.32.0' ],
145 silly audit   'lightningcss-linux-x64-musl': [ '1.32.0' ],
145 silly audit   'lightningcss-win32-arm64-msvc': [ '1.32.0' ],
145 silly audit   'lightningcss-win32-x64-msvc': [ '1.32.0' ],
145 silly audit   'loose-envify': [ '1.4.0' ],
145 silly audit   'lru-cache': [ '5.1.1' ],
145 silly audit   'magic-string': [ '0.30.21' ],
145 silly audit   'math-intrinsics': [ '1.1.0' ],
145 silly audit   'mime-db': [ '1.52.0' ],
145 silly audit   'mime-types': [ '2.1.35' ],
145 silly audit   ms: [ '2.1.3' ],
145 silly audit   nanoid: [ '3.3.11' ],
145 silly audit   'node-releases': [ '2.0.37' ],
145 silly audit   picocolors: [ '1.1.1' ],
145 silly audit   postcss: [ '8.5.10' ],
145 silly audit   'proxy-from-env': [ '2.1.0' ],
145 silly audit   react: [ '18.3.1' ],
145 silly audit   'react-dom': [ '18.3.1' ],
145 silly audit   'react-refresh': [ '0.17.0' ],
145 silly audit   'react-router': [ '7.14.2' ],
145 silly audit   'react-router-dom': [ '7.14.2' ],
145 silly audit   rollup: [ '4.60.2' ],
145 silly audit   scheduler: [ '0.23.2' ],
145 silly audit   semver: [ '6.3.1' ],
145 silly audit   'set-cookie-parser': [ '2.7.2' ],
145 silly audit   'source-map-js': [ '1.2.1' ],
145 silly audit   tailwindcss: [ '4.2.3' ],
145 silly audit   tapable: [ '2.3.2' ],
145 silly audit   'update-browserslist-db': [ '1.2.3' ],
145 silly audit   vite: [ '5.4.21' ],
145 silly audit   yallist: [ '3.1.1' ],
145 silly audit   'dom-to-image-more': [ '3.7.2' ],
145 silly audit   jspdf: [ '4.2.1' ],
145 silly audit   '@babel/runtime': [ '7.29.2' ],
145 silly audit   canvg: [ '3.0.11' ],
145 silly audit   'core-js': [ '3.49.0' ],
145 silly audit   dompurify: [ '3.4.1' ],
145 silly audit   'fast-png': [ '6.4.0' ],
145 silly audit   fflate: [ '0.8.2' ],
145 silly audit   html2canvas: [ '1.4.1' ],
145 silly audit   '@types/raf': [ '3.4.3' ],
145 silly audit   raf: [ '3.4.1' ],
145 silly audit   'regenerator-runtime': [ '0.13.11' ],
145 silly audit   rgbcolor: [ '1.0.1' ],
145 silly audit   'stackblur-canvas': [ '2.7.0' ],
145 silly audit   'svg-pathdata': [ '6.0.3' ],
145 silly audit   '@types/trusted-types': [ '2.0.7' ],
145 silly audit   '@types/pako': [ '2.0.4' ],
145 silly audit   iobuffer: [ '5.4.0' ],
145 silly audit   pako: [ '2.1.0' ],
145 silly audit   'css-line-break': [ '2.1.0' ],
145 silly audit   'text-segmentation': [ '1.0.3' ],
145 silly audit   utrie: [ '1.0.2' ],
145 silly audit   'performance-now': [ '2.1.0' ],
145 silly audit   'base64-arraybuffer': [ '1.0.2' ],
145 silly audit   '@tailwindcss/oxide-wasm32-wasi': [ '4.2.3' ]
145 silly audit }
146 verbose reify failed optional dependency D:\Development\Web\medical_expert_system\frontend\node_modules\lightningcss-win32-arm64-msvc
147 silly reify mark deleted [
147 silly reify   'D:\\Development\\Web\\medical_expert_system\\frontend\\node_modules\\lightningcss-win32-arm64-msvc'
147 silly reify ]
148 verbose reify failed optional dependency D:\Development\Web\medical_expert_system\frontend\node_modules\lightningcss-linux-x64-musl
149 silly reify mark deleted [
149 silly reify   'D:\\Development\\Web\\medical_expert_system\\frontend\\node_modules\\lightningcss-linux-x64-musl'
149 silly reify ]
150 verbose reify failed optional dependency D:\Development\Web\medical_expert_system\frontend\node_modules\lightningcss-linux-x64-gnu
151 silly reify mark deleted [
151 silly reify   'D:\\Development\\Web\\medical_expert_system\\frontend\\node_modules\\lightningcss-linux-x64-gnu'
151 silly reify ]
152 verbose reify failed optional dependency D:\Development\Web\medical_expert_system\frontend\node_modules\lightningcss-linux-arm64-musl
153 silly reify mark deleted [
153 silly reify   'D:\\Development\\Web\\medical_expert_system\\frontend\\node_modules\\lightningcss-linux-arm64-musl'
153 silly reify ]
154 verbose reify failed optional dependency D:\Development\Web\medical_expert_system\frontend\node_modules\lightningcss-linux-arm64-gnu
155 silly reify mark deleted [
155 silly reify   'D:\\Development\\Web\\medical_expert_system\\frontend\\node_modules\\lightningcss-linux-arm64-gnu'
155 silly reify ]
156 verbose reify failed optional dependency D:\Development\Web\medical_expert_system\frontend\node_modules\lightningcss-linux-arm-gnueabihf
157 silly reify mark deleted [
157 silly reify   'D:\\Development\\Web\\medical_expert_system\\frontend\\node_modules\\lightningcss-linux-arm-gnueabihf'
157 silly reify ]
158 verbose reify failed optional dependency D:\Development\Web\medical_expert_system\frontend\node_modules\lightningcss-freebsd-x64
159 silly reify mark deleted [
159 silly reify   'D:\\Development\\Web\\medical_expert_system\\frontend\\node_modules\\lightningcss-freebsd-x64'
159 silly reify ]
160 verbose reify failed optional dependency D:\Development\Web\medical_expert_system\frontend\node_modules\lightningcss-darwin-x64
161 silly reify mark deleted [
161 silly reify   'D:\\Development\\Web\\medical_expert_system\\frontend\\node_modules\\lightningcss-darwin-x64'
161 silly reify ]
162 verbose reify failed optional dependency D:\Development\Web\medical_expert_system\frontend\node_modules\lightningcss-darwin-arm64
163 silly reify mark deleted [
163 silly reify   'D:\\Development\\Web\\medical_expert_system\\frontend\\node_modules\\lightningcss-darwin-arm64'
163 silly reify ]
164 verbose reify failed optional dependency D:\Development\Web\medical_expert_system\frontend\node_modules\lightningcss-android-arm64
165 silly reify mark deleted [
165 silly reify   'D:\\Development\\Web\\medical_expert_system\\frontend\\node_modules\\lightningcss-android-arm64'
165 silly reify ]
166 verbose reify failed optional dependency D:\Development\Web\medical_expert_system\frontend\node_modules\fsevents
167 silly reify mark deleted [
167 silly reify   'D:\\Development\\Web\\medical_expert_system\\frontend\\node_modules\\fsevents'
167 silly reify ]
168 verbose reify failed optional dependency D:\Development\Web\medical_expert_system\frontend\node_modules\@tailwindcss\oxide-win32-arm64-msvc
169 silly reify mark deleted [
169 silly reify   'D:\\Development\\Web\\medical_expert_system\\frontend\\node_modules\\@tailwindcss\\oxide-win32-arm64-msvc'
169 silly reify ]
170 verbose reify failed optional dependency D:\Development\Web\medical_expert_system\frontend\node_modules\@tailwindcss\oxide-linux-x64-musl
171 silly reify mark deleted [
171 silly reify   'D:\\Development\\Web\\medical_expert_system\\frontend\\node_modules\\@tailwindcss\\oxide-linux-x64-musl'
171 silly reify ]
172 verbose reify failed optional dependency D:\Development\Web\medical_expert_system\frontend\node_modules\@tailwindcss\oxide-linux-x64-gnu
173 silly reify mark deleted [
173 silly reify   'D:\\Development\\Web\\medical_expert_system\\frontend\\node_modules\\@tailwindcss\\oxide-linux-x64-gnu'
173 silly reify ]
174 verbose reify failed optional dependency D:\Development\Web\medical_expert_system\frontend\node_modules\@tailwindcss\oxide-linux-arm64-musl
175 silly reify mark deleted [
175 silly reify   'D:\\Development\\Web\\medical_expert_system\\frontend\\node_modules\\@tailwindcss\\oxide-linux-arm64-musl'
175 silly reify ]
176 verbose reify failed optional dependency D:\Development\Web\medical_expert_system\frontend\node_modules\@tailwindcss\oxide-linux-arm64-gnu
177 silly reify mark deleted [
177 silly reify   'D:\\Development\\Web\\medical_expert_system\\frontend\\node_modules\\@tailwindcss\\oxide-linux-arm64-gnu'
177 silly reify ]
178 verbose reify failed optional dependency D:\Development\Web\medical_expert_system\frontend\node_modules\@tailwindcss\oxide-linux-arm-gnueabihf
179 silly reify mark deleted [
179 silly reify   'D:\\Development\\Web\\medical_expert_system\\frontend\\node_modules\\@tailwindcss\\oxide-linux-arm-gnueabihf'
179 silly reify ]
180 verbose reify failed optional dependency D:\Development\Web\medical_expert_system\frontend\node_modules\@tailwindcss\oxide-freebsd-x64
181 silly reify mark deleted [
181 silly reify   'D:\\Development\\Web\\medical_expert_system\\frontend\\node_modules\\@tailwindcss\\oxide-freebsd-x64'
181 silly reify ]
182 verbose reify failed optional dependency D:\Development\Web\medical_expert_system\frontend\node_modules\@tailwindcss\oxide-darwin-x64
183 silly reify mark deleted [
183 silly reify   'D:\\Development\\Web\\medical_expert_system\\frontend\\node_modules\\@tailwindcss\\oxide-darwin-x64'
183 silly reify ]
184 verbose reify failed optional dependency D:\Development\Web\medical_expert_system\frontend\node_modules\@tailwindcss\oxide-darwin-arm64
185 silly reify mark deleted [
185 silly reify   'D:\\Development\\Web\\medical_expert_system\\frontend\\node_modules\\@tailwindcss\\oxide-darwin-arm64'
185 silly reify ]
186 verbose reify failed optional dependency D:\Development\Web\medical_expert_system\frontend\node_modules\@tailwindcss\oxide-android-arm64
187 silly reify mark deleted [
187 silly reify   'D:\\Development\\Web\\medical_expert_system\\frontend\\node_modules\\@tailwindcss\\oxide-android-arm64'
187 silly reify ]
188 verbose reify failed optional dependency D:\Development\Web\medical_expert_system\frontend\node_modules\@rollup\rollup-win32-ia32-msvc
189 silly reify mark deleted [
189 silly reify   'D:\\Development\\Web\\medical_expert_system\\frontend\\node_modules\\@rollup\\rollup-win32-ia32-msvc'
189 silly reify ]
190 verbose reify failed optional dependency D:\Development\Web\medical_expert_system\frontend\node_modules\@rollup\rollup-win32-arm64-msvc
191 silly reify mark deleted [
191 silly reify   'D:\\Development\\Web\\medical_expert_system\\frontend\\node_modules\\@rollup\\rollup-win32-arm64-msvc'
191 silly reify ]
192 verbose reify failed optional dependency D:\Development\Web\medical_expert_system\frontend\node_modules\@rollup\rollup-openharmony-arm64
193 silly reify mark deleted [
193 silly reify   'D:\\Development\\Web\\medical_expert_system\\frontend\\node_modules\\@rollup\\rollup-openharmony-arm64'
193 silly reify ]
194 verbose reify failed optional dependency D:\Development\Web\medical_expert_system\frontend\node_modules\@rollup\rollup-openbsd-x64
195 silly reify mark deleted [
195 silly reify   'D:\\Development\\Web\\medical_expert_system\\frontend\\node_modules\\@rollup\\rollup-openbsd-x64'
195 silly reify ]
196 verbose reify failed optional dependency D:\Development\Web\medical_expert_system\frontend\node_modules\@rollup\rollup-linux-x64-musl
197 silly reify mark deleted [
197 silly reify   'D:\\Development\\Web\\medical_expert_system\\frontend\\node_modules\\@rollup\\rollup-linux-x64-musl'
197 silly reify ]
198 verbose reify failed optional dependency D:\Development\Web\medical_expert_system\frontend\node_modules\@rollup\rollup-linux-x64-gnu
199 silly reify mark deleted [
199 silly reify   'D:\\Development\\Web\\medical_expert_system\\frontend\\node_modules\\@rollup\\rollup-linux-x64-gnu'
199 silly reify ]
200 verbose reify failed optional dependency D:\Development\Web\medical_expert_system\frontend\node_modules\@rollup\rollup-linux-s390x-gnu
201 silly reify mark deleted [
201 silly reify   'D:\\Development\\Web\\medical_expert_system\\frontend\\node_modules\\@rollup\\rollup-linux-s390x-gnu'
201 silly reify ]
202 verbose reify failed optional dependency D:\Development\Web\medical_expert_system\frontend\node_modules\@rollup\rollup-linux-riscv64-musl
203 silly reify mark deleted [
203 silly reify   'D:\\Development\\Web\\medical_expert_system\\frontend\\node_modules\\@rollup\\rollup-linux-riscv64-musl'
203 silly reify ]
204 verbose reify failed optional dependency D:\Development\Web\medical_expert_system\frontend\node_modules\@rollup\rollup-linux-riscv64-gnu
205 silly reify mark deleted [
205 silly reify   'D:\\Development\\Web\\medical_expert_system\\frontend\\node_modules\\@rollup\\rollup-linux-riscv64-gnu'
205 silly reify ]
206 verbose reify failed optional dependency D:\Development\Web\medical_expert_system\frontend\node_modules\@rollup\rollup-linux-ppc64-musl
207 silly reify mark deleted [
207 silly reify   'D:\\Development\\Web\\medical_expert_system\\frontend\\node_modules\\@rollup\\rollup-linux-ppc64-musl'
207 silly reify ]
208 verbose reify failed optional dependency D:\Development\Web\medical_expert_system\frontend\node_modules\@rollup\rollup-linux-ppc64-gnu
209 silly reify mark deleted [
209 silly reify   'D:\\Development\\Web\\medical_expert_system\\frontend\\node_modules\\@rollup\\rollup-linux-ppc64-gnu'
209 silly reify ]
210 verbose reify failed optional dependency D:\Development\Web\medical_expert_system\frontend\node_modules\@rollup\rollup-linux-loong64-musl
211 silly reify mark deleted [
211 silly reify   'D:\\Development\\Web\\medical_expert_system\\frontend\\node_modules\\@rollup\\rollup-linux-loong64-musl'
211 silly reify ]
212 verbose reify failed optional dependency D:\Development\Web\medical_expert_system\frontend\node_modules\@rollup\rollup-linux-loong64-gnu
213 silly reify mark deleted [
213 silly reify   'D:\\Development\\Web\\medical_expert_system\\frontend\\node_modules\\@rollup\\rollup-linux-loong64-gnu'
213 silly reify ]
214 verbose reify failed optional dependency D:\Development\Web\medical_expert_system\frontend\node_modules\@rollup\rollup-linux-arm64-musl
215 silly reify mark deleted [
215 silly reify   'D:\\Development\\Web\\medical_expert_system\\frontend\\node_modules\\@rollup\\rollup-linux-arm64-musl'
215 silly reify ]
216 verbose reify failed optional dependency D:\Development\Web\medical_expert_system\frontend\node_modules\@rollup\rollup-linux-arm64-gnu
217 silly reify mark deleted [
217 silly reify   'D:\\Development\\Web\\medical_expert_system\\frontend\\node_modules\\@rollup\\rollup-linux-arm64-gnu'
217 silly reify ]
218 verbose reify failed optional dependency D:\Development\Web\medical_expert_system\frontend\node_modules\@rollup\rollup-linux-arm-musleabihf
219 silly reify mark deleted [
219 silly reify   'D:\\Development\\Web\\medical_expert_system\\frontend\\node_modules\\@rollup\\rollup-linux-arm-musleabihf'
219 silly reify ]
220 verbose reify failed optional dependency D:\Development\Web\medical_expert_system\frontend\node_modules\@rollup\rollup-linux-arm-gnueabihf
221 silly reify mark deleted [
221 silly reify   'D:\\Development\\Web\\medical_expert_system\\frontend\\node_modules\\@rollup\\rollup-linux-arm-gnueabihf'
221 silly reify ]
222 verbose reify failed optional dependency D:\Development\Web\medical_expert_system\frontend\node_modules\@rollup\rollup-freebsd-x64
223 silly reify mark deleted [
223 silly reify   'D:\\Development\\Web\\medical_expert_system\\frontend\\node_modules\\@rollup\\rollup-freebsd-x64'
223 silly reify ]
224 verbose reify failed optional dependency D:\Development\Web\medical_expert_system\frontend\node_modules\@rollup\rollup-freebsd-arm64
225 silly reify mark deleted [
225 silly reify   'D:\\Development\\Web\\medical_expert_system\\frontend\\node_modules\\@rollup\\rollup-freebsd-arm64'
225 silly reify ]
226 verbose reify failed optional dependency D:\Development\Web\medical_expert_system\frontend\node_modules\@rollup\rollup-darwin-x64
227 silly reify mark deleted [
227 silly reify   'D:\\Development\\Web\\medical_expert_system\\frontend\\node_modules\\@rollup\\rollup-darwin-x64'
227 silly reify ]
228 verbose reify failed optional dependency D:\Development\Web\medical_expert_system\frontend\node_modules\@rollup\rollup-darwin-arm64
229 silly reify mark deleted [
229 silly reify   'D:\\Development\\Web\\medical_expert_system\\frontend\\node_modules\\@rollup\\rollup-darwin-arm64'
229 silly reify ]
230 verbose reify failed optional dependency D:\Development\Web\medical_expert_system\frontend\node_modules\@rollup\rollup-android-arm64
231 silly reify mark deleted [
231 silly reify   'D:\\Development\\Web\\medical_expert_system\\frontend\\node_modules\\@rollup\\rollup-android-arm64'
231 silly reify ]
232 verbose reify failed optional dependency D:\Development\Web\medical_expert_system\frontend\node_modules\@rollup\rollup-android-arm-eabi
233 silly reify mark deleted [
233 silly reify   'D:\\Development\\Web\\medical_expert_system\\frontend\\node_modules\\@rollup\\rollup-android-arm-eabi'
233 silly reify ]
234 verbose reify failed optional dependency D:\Development\Web\medical_expert_system\frontend\node_modules\@esbuild\win32-ia32
235 silly reify mark deleted [
235 silly reify   'D:\\Development\\Web\\medical_expert_system\\frontend\\node_modules\\@esbuild\\win32-ia32'
235 silly reify ]
236 verbose reify failed optional dependency D:\Development\Web\medical_expert_system\frontend\node_modules\@esbuild\win32-arm64
237 silly reify mark deleted [
237 silly reify   'D:\\Development\\Web\\medical_expert_system\\frontend\\node_modules\\@esbuild\\win32-arm64'
237 silly reify ]
238 verbose reify failed optional dependency D:\Development\Web\medical_expert_system\frontend\node_modules\@esbuild\sunos-x64
239 silly reify mark deleted [
239 silly reify   'D:\\Development\\Web\\medical_expert_system\\frontend\\node_modules\\@esbuild\\sunos-x64'
239 silly reify ]
240 verbose reify failed optional dependency D:\Development\Web\medical_expert_system\frontend\node_modules\@esbuild\openbsd-x64
241 silly reify mark deleted [
241 silly reify   'D:\\Development\\Web\\medical_expert_system\\frontend\\node_modules\\@esbuild\\openbsd-x64'
241 silly reify ]
242 verbose reify failed optional dependency D:\Development\Web\medical_expert_system\frontend\node_modules\@esbuild\netbsd-x64
243 silly reify mark deleted [
243 silly reify   'D:\\Development\\Web\\medical_expert_system\\frontend\\node_modules\\@esbuild\\netbsd-x64'
243 silly reify ]
244 verbose reify failed optional dependency D:\Development\Web\medical_expert_system\frontend\node_modules\@esbuild\linux-x64
245 silly reify mark deleted [
245 silly reify   'D:\\Development\\Web\\medical_expert_system\\frontend\\node_modules\\@esbuild\\linux-x64'
245 silly reify ]
246 verbose reify failed optional dependency D:\Development\Web\medical_expert_system\frontend\node_modules\@esbuild\linux-s390x
247 silly reify mark deleted [
247 silly reify   'D:\\Development\\Web\\medical_expert_system\\frontend\\node_modules\\@esbuild\\linux-s390x'
247 silly reify ]
248 verbose reify failed optional dependency D:\Development\Web\medical_expert_system\frontend\node_modules\@esbuild\linux-riscv64
249 silly reify mark deleted [
249 silly reify   'D:\\Development\\Web\\medical_expert_system\\frontend\\node_modules\\@esbuild\\linux-riscv64'
249 silly reify ]
250 verbose reify failed optional dependency D:\Development\Web\medical_expert_system\frontend\node_modules\@esbuild\linux-ppc64
251 silly reify mark deleted [
251 silly reify   'D:\\Development\\Web\\medical_expert_system\\frontend\\node_modules\\@esbuild\\linux-ppc64'
251 silly reify ]
252 verbose reify failed optional dependency D:\Development\Web\medical_expert_system\frontend\node_modules\@esbuild\linux-mips64el
253 silly reify mark deleted [
253 silly reify   'D:\\Development\\Web\\medical_expert_system\\frontend\\node_modules\\@esbuild\\linux-mips64el'
253 silly reify ]
254 verbose reify failed optional dependency D:\Development\Web\medical_expert_system\frontend\node_modules\@esbuild\linux-loong64
255 silly reify mark deleted [
255 silly reify   'D:\\Development\\Web\\medical_expert_system\\frontend\\node_modules\\@esbuild\\linux-loong64'
255 silly reify ]
256 verbose reify failed optional dependency D:\Development\Web\medical_expert_system\frontend\node_modules\@esbuild\linux-ia32
257 silly reify mark deleted [
257 silly reify   'D:\\Development\\Web\\medical_expert_system\\frontend\\node_modules\\@esbuild\\linux-ia32'
257 silly reify ]
258 verbose reify failed optional dependency D:\Development\Web\medical_expert_system\frontend\node_modules\@esbuild\linux-arm64
259 silly reify mark deleted [
259 silly reify   'D:\\Development\\Web\\medical_expert_system\\frontend\\node_modules\\@esbuild\\linux-arm64'
259 silly reify ]
260 verbose reify failed optional dependency D:\Development\Web\medical_expert_system\frontend\node_modules\@esbuild\linux-arm
261 silly reify mark deleted [
261 silly reify   'D:\\Development\\Web\\medical_expert_system\\frontend\\node_modules\\@esbuild\\linux-arm'
261 silly reify ]
262 verbose reify failed optional dependency D:\Development\Web\medical_expert_system\frontend\node_modules\@esbuild\freebsd-x64
263 silly reify mark deleted [
263 silly reify   'D:\\Development\\Web\\medical_expert_system\\frontend\\node_modules\\@esbuild\\freebsd-x64'
263 silly reify ]
264 verbose reify failed optional dependency D:\Development\Web\medical_expert_system\frontend\node_modules\@esbuild\freebsd-arm64
265 silly reify mark deleted [
265 silly reify   'D:\\Development\\Web\\medical_expert_system\\frontend\\node_modules\\@esbuild\\freebsd-arm64'
265 silly reify ]
266 verbose reify failed optional dependency D:\Development\Web\medical_expert_system\frontend\node_modules\@esbuild\darwin-x64
267 silly reify mark deleted [
267 silly reify   'D:\\Development\\Web\\medical_expert_system\\frontend\\node_modules\\@esbuild\\darwin-x64'
267 silly reify ]
268 verbose reify failed optional dependency D:\Development\Web\medical_expert_system\frontend\node_modules\@esbuild\darwin-arm64
269 silly reify mark deleted [
269 silly reify   'D:\\Development\\Web\\medical_expert_system\\frontend\\node_modules\\@esbuild\\darwin-arm64'
269 silly reify ]
270 verbose reify failed optional dependency D:\Development\Web\medical_expert_system\frontend\node_modules\@esbuild\android-x64
271 silly reify mark deleted [
271 silly reify   'D:\\Development\\Web\\medical_expert_system\\frontend\\node_modules\\@esbuild\\android-x64'
271 silly reify ]
272 verbose reify failed optional dependency D:\Development\Web\medical_expert_system\frontend\node_modules\@esbuild\android-arm64
273 silly reify mark deleted [
273 silly reify   'D:\\Development\\Web\\medical_expert_system\\frontend\\node_modules\\@esbuild\\android-arm64'
273 silly reify ]
274 verbose reify failed optional dependency D:\Development\Web\medical_expert_system\frontend\node_modules\@esbuild\android-arm
275 silly reify mark deleted [
275 silly reify   'D:\\Development\\Web\\medical_expert_system\\frontend\\node_modules\\@esbuild\\android-arm'
275 silly reify ]
276 verbose reify failed optional dependency D:\Development\Web\medical_expert_system\frontend\node_modules\@esbuild\aix-ppc64
277 silly reify mark deleted [
277 silly reify   'D:\\Development\\Web\\medical_expert_system\\frontend\\node_modules\\@esbuild\\aix-ppc64'
277 silly reify ]
278 http cache base64-arraybuffer@https://registry.npmjs.org/base64-arraybuffer/-/base64-arraybuffer-1.0.2.tgz 0ms (cache hit)
279 http cache utrie@https://registry.npmjs.org/utrie/-/utrie-1.0.2.tgz 0ms (cache hit)
280 http cache performance-now@https://registry.npmjs.org/performance-now/-/performance-now-2.1.0.tgz 0ms (cache hit)
281 http cache text-segmentation@https://registry.npmjs.org/text-segmentation/-/text-segmentation-1.0.3.tgz 0ms (cache hit)
282 http cache css-line-break@https://registry.npmjs.org/css-line-break/-/css-line-break-2.1.0.tgz 0ms (cache hit)
283 http cache pako@https://registry.npmjs.org/pako/-/pako-2.1.0.tgz 0ms (cache hit)
284 http cache iobuffer@https://registry.npmjs.org/iobuffer/-/iobuffer-5.4.0.tgz 0ms (cache hit)
285 http cache @types/pako@https://registry.npmjs.org/@types/pako/-/pako-2.0.4.tgz 0ms (cache hit)
286 http cache @types/trusted-types@https://registry.npmjs.org/@types/trusted-types/-/trusted-types-2.0.7.tgz 1ms (cache hit)
287 http cache svg-pathdata@https://registry.npmjs.org/svg-pathdata/-/svg-pathdata-6.0.3.tgz 0ms (cache hit)
288 http cache rgbcolor@https://registry.npmjs.org/rgbcolor/-/rgbcolor-1.0.1.tgz 0ms (cache hit)
289 http cache @types/raf@https://registry.npmjs.org/@types/raf/-/raf-3.4.3.tgz 0ms (cache hit)
290 http cache stackblur-canvas@https://registry.npmjs.org/stackblur-canvas/-/stackblur-canvas-2.7.0.tgz 0ms (cache hit)
291 http cache regenerator-runtime@https://registry.npmjs.org/regenerator-runtime/-/regenerator-runtime-0.13.11.tgz 0ms (cache hit)
292 http cache raf@https://registry.npmjs.org/raf/-/raf-3.4.1.tgz 0ms (cache hit)
293 http cache html2canvas@https://registry.npmjs.org/html2canvas/-/html2canvas-1.4.1.tgz 0ms (cache hit)
294 http cache fflate@https://registry.npmjs.org/fflate/-/fflate-0.8.2.tgz 0ms (cache hit)
295 http cache fast-png@https://registry.npmjs.org/fast-png/-/fast-png-6.4.0.tgz 0ms (cache hit)
296 http cache @babel/runtime@https://registry.npmjs.org/@babel/runtime/-/runtime-7.29.2.tgz 0ms (cache hit)
297 http cache dompurify@https://registry.npmjs.org/dompurify/-/dompurify-3.4.1.tgz 0ms (cache hit)
298 http cache core-js@https://registry.npmjs.org/core-js/-/core-js-3.49.0.tgz 0ms (cache hit)
299 http cache canvg@https://registry.npmjs.org/canvg/-/canvg-3.0.11.tgz 0ms (cache hit)
300 http cache jspdf@https://registry.npmjs.org/jspdf/-/jspdf-4.2.1.tgz 0ms (cache hit)
301 http cache dom-to-image-more@https://registry.npmjs.org/dom-to-image-more/-/dom-to-image-more-3.7.2.tgz 0ms (cache hit)
302 silly tarball no local data for dom-to-image-more@https://registry.npmjs.org/dom-to-image-more/-/dom-to-image-more-3.7.2.tgz. Extracting by manifest.
303 http fetch POST 200 https://registry.npmjs.org/-/npm/v1/security/advisories/bulk 543ms
304 silly audit report {
304 silly audit report   esbuild: [
304 silly audit report     {
304 silly audit report       id: 1102341,
304 silly audit report       url: 'https://github.com/advisories/GHSA-67mh-4wv8-2f99',
304 silly audit report       title: 'esbuild enables any website to send any requests to the development server and read the response',
304 silly audit report       severity: 'moderate',
304 silly audit report       vulnerable_versions: '<=0.24.2',
304 silly audit report       cwe: [Array],
304 silly audit report       cvss: [Object]
304 silly audit report     }
304 silly audit report   ],
304 silly audit report   vite: [
304 silly audit report     {
304 silly audit report       id: 1116229,
304 silly audit report       url: 'https://github.com/advisories/GHSA-4w7w-66w2-5vf9',
304 silly audit report       title: 'Vite Vulnerable to Path Traversal in Optimized Deps `.map` Handling',
304 silly audit report       severity: 'moderate',
304 silly audit report       vulnerable_versions: '<=6.4.1',
304 silly audit report       cwe: [Array],
304 silly audit report       cvss: [Object]
304 silly audit report     }
304 silly audit report   ]
304 silly audit report }
305 silly packumentCache corgi:https://registry.npmjs.org/esbuild cache-miss
306 silly packumentCache corgi:https://registry.npmjs.org/vite cache-miss
307 http cache https://registry.npmjs.org/vite 115ms (cache hit)
308 silly packumentCache corgi:https://registry.npmjs.org/vite set size:2234939 disposed:false
309 http cache https://registry.npmjs.org/esbuild 226ms (cache hit)
310 silly packumentCache corgi:https://registry.npmjs.org/esbuild set size:885757 disposed:false
311 silly packumentCache corgi:https://registry.npmjs.org/@tailwindcss%2fvite cache-miss
312 silly packumentCache corgi:https://registry.npmjs.org/@vitejs%2fplugin-react cache-miss
313 http cache https://registry.npmjs.org/@vitejs%2fplugin-react 120ms (cache hit)
314 silly packumentCache corgi:https://registry.npmjs.org/@vitejs%2fplugin-react set size:112470 disposed:false
315 http cache https://registry.npmjs.org/@tailwindcss%2fvite 142ms (cache hit)
316 silly packumentCache corgi:https://registry.npmjs.org/@tailwindcss%2fvite set size:787354 disposed:false
317 http fetch GET 200 https://registry.npmjs.org/dom-to-image-more/-/dom-to-image-more-3.7.2.tgz 1991ms (cache miss)
318 info run core-js@3.49.0 postinstall node_modules/core-js node -e "try{require('./postinstall')}catch(e){}"
319 info run core-js@3.49.0 postinstall { code: 0, signal: null }
320 silly ADD node_modules/base64-arraybuffer
321 silly ADD node_modules/performance-now
322 silly ADD node_modules/utrie
323 silly ADD node_modules/text-segmentation
324 silly ADD node_modules/css-line-break
325 silly ADD node_modules/pako
326 silly ADD node_modules/iobuffer
327 silly ADD node_modules/@types/pako
328 silly ADD node_modules/@types/trusted-types
329 silly ADD node_modules/svg-pathdata
330 silly ADD node_modules/stackblur-canvas
331 silly ADD node_modules/rgbcolor
332 silly ADD node_modules/regenerator-runtime
333 silly ADD node_modules/raf
334 silly ADD node_modules/@types/raf
335 silly ADD node_modules/html2canvas
336 silly ADD node_modules/fflate
337 silly ADD node_modules/fast-png
338 silly ADD node_modules/dompurify
339 silly ADD node_modules/core-js
340 silly ADD node_modules/canvg
341 silly ADD node_modules/@babel/runtime
342 silly ADD node_modules/jspdf
343 silly ADD node_modules/dom-to-image-more
344 silly ADD
345 silly ADD
346 silly ADD
347 silly ADD
348 silly ADD
349 silly ADD
350 silly ADD
351 silly ADD
352 silly ADD
353 silly ADD
354 silly ADD
355 silly ADD
356 silly ADD
357 silly ADD
358 silly ADD
359 silly ADD
360 silly ADD
361 silly ADD
362 silly ADD
363 silly ADD
364 silly ADD
365 silly ADD
366 silly ADD
367 silly ADD
368 silly ADD
369 silly ADD
370 silly ADD
371 silly ADD
372 silly ADD
373 silly ADD
374 silly ADD
375 silly ADD
376 silly ADD
377 silly ADD
378 silly ADD
379 silly ADD
380 silly ADD
381 silly ADD
382 silly ADD
383 silly ADD
384 silly ADD
385 silly ADD
386 silly ADD
387 silly ADD
388 silly ADD
389 silly ADD
390 silly ADD
391 silly ADD
392 silly ADD
393 silly ADD
394 silly ADD
395 silly ADD
396 silly ADD
397 silly ADD
398 silly ADD
399 silly ADD
400 silly ADD
401 silly ADD
402 silly ADD
403 silly ADD
404 silly ADD
405 silly ADD
406 silly ADD
407 silly ADD
408 silly ADD
409 silly ADD
410 silly ADD
411 verbose cwd D:\Development\Web\medical_expert_system\frontend
412 verbose os Windows_NT 10.0.26200
413 verbose node v22.15.0
414 verbose npm  v10.9.2
415 verbose exit 0
416 info ok
