0 verbose cli C:\Program Files\nodejs\node.exe C:\Program Files\nodejs\node_modules\npm\bin\npm-cli.js
1 info using npm@10.9.2
2 info using node@v22.15.0
3 silly config load:file:C:\Program Files\nodejs\node_modules\npm\npmrc
4 silly config load:file:D:\Development\Web\medical_expert_system\backend\.npmrc
5 silly config load:file:C:\Users\MR AME\.npmrc
6 silly config load:file:C:\Users\MR AME\AppData\Roaming\npm\etc\npmrc
7 verbose title npm install
8 verbose argv "install"
9 verbose logfile logs-max:10 dir:D:\Development\Web\medical_expert_system\backend\npm-cache\_logs\2026-04-26T13_01_31_022Z-
10 verbose logfile D:\Development\Web\medical_expert_system\backend\npm-cache\_logs\2026-04-26T13_01_31_022Z-debug-0.log
11 silly logfile done cleaning log files
12 silly packumentCache heap:4345298944 maxSize:1086324736 maxEntrySize:543162368
13 silly idealTree buildDeps
14 silly reify moves {}
15 silly audit bulk request {
15 silly audit   '@types/node': [ '25.6.0' ],
15 silly audit   accepts: [ '1.3.8' ],
15 silly audit   anymatch: [ '3.1.3' ],
15 silly audit   'array-flatten': [ '1.1.1' ],
15 silly audit   'aws-ssl-profiles': [ '1.1.2' ],
15 silly audit   'balanced-match': [ '4.0.4' ],
15 silly audit   bcrypt: [ '6.0.0' ],
15 silly audit   'binary-extensions': [ '2.3.0' ],
15 silly audit   'body-parser': [ '1.20.4' ],
15 silly audit   'brace-expansion': [ '5.0.5' ],
15 silly audit   braces: [ '3.0.3' ],
15 silly audit   'buffer-equal-constant-time': [ '1.0.1' ],
15 silly audit   bytes: [ '3.1.2' ],
15 silly audit   'call-bind-apply-helpers': [ '1.0.2' ],
15 silly audit   'call-bound': [ '1.0.4' ],
15 silly audit   chokidar: [ '3.6.0' ],
15 silly audit   fsevents: [ '2.3.3' ],
15 silly audit   'content-disposition': [ '0.5.4' ],
15 silly audit   'content-type': [ '1.0.5' ],
15 silly audit   cookie: [ '0.7.2' ],
15 silly audit   'cookie-signature': [ '1.0.7' ],
15 silly audit   cors: [ '2.8.6' ],
15 silly audit   debug: [ '2.6.9', '4.4.3' ],
15 silly audit   denque: [ '2.1.0' ],
15 silly audit   depd: [ '2.0.0' ],
15 silly audit   destroy: [ '1.2.0' ],
15 silly audit   dotenv: [ '16.6.1' ],
15 silly audit   'dunder-proto': [ '1.0.1' ],
15 silly audit   'ecdsa-sig-formatter': [ '1.0.11' ],
15 silly audit   'ee-first': [ '1.1.1' ],
15 silly audit   encodeurl: [ '2.0.0' ],
15 silly audit   'es-define-property': [ '1.0.1' ],
15 silly audit   'es-errors': [ '1.3.0' ],
15 silly audit   'es-object-atoms': [ '1.1.1' ],
15 silly audit   'escape-html': [ '1.0.3' ],
15 silly audit   etag: [ '1.8.1' ],
15 silly audit   express: [ '4.22.1' ],
15 silly audit   'express-rate-limit': [ '7.5.1' ],
15 silly audit   'serve-static': [ '1.16.3' ],
15 silly audit   'fill-range': [ '7.1.1' ],
15 silly audit   finalhandler: [ '1.3.2' ],
15 silly audit   forwarded: [ '0.2.0' ],
15 silly audit   fresh: [ '0.5.2' ],
15 silly audit   'function-bind': [ '1.1.2' ],
15 silly audit   'generate-function': [ '2.3.1' ],
15 silly audit   'get-intrinsic': [ '1.3.0' ],
15 silly audit   'get-proto': [ '1.0.1' ],
15 silly audit   'glob-parent': [ '5.1.2' ],
15 silly audit   gopd: [ '1.2.0' ],
15 silly audit   'has-flag': [ '3.0.0' ],
15 silly audit   'has-symbols': [ '1.1.0' ],
15 silly audit   hasown: [ '2.0.3' ],
15 silly audit   'http-errors': [ '2.0.1' ],
15 silly audit   'iconv-lite': [ '0.4.24', '0.7.2' ],
15 silly audit   'ignore-by-default': [ '1.0.1' ],
15 silly audit   inherits: [ '2.0.4' ],
15 silly audit   'ipaddr.js': [ '1.9.1' ],
15 silly audit   'is-binary-path': [ '2.1.0' ],
15 silly audit   'is-extglob': [ '2.1.1' ],
15 silly audit   'is-glob': [ '4.0.3' ],
15 silly audit   'is-number': [ '7.0.0' ],
15 silly audit   'is-property': [ '1.0.2' ],
15 silly audit   jsonwebtoken: [ '9.0.3' ],
15 silly audit   ms: [ '2.1.3', '2.0.0' ],
15 silly audit   jwa: [ '2.0.1' ],
15 silly audit   jws: [ '4.0.1' ],
15 silly audit   'lodash.includes': [ '4.3.0' ],
15 silly audit   'lodash.isboolean': [ '3.0.3' ],
15 silly audit   'lodash.isinteger': [ '4.0.4' ],
15 silly audit   'lodash.isnumber': [ '3.0.3' ],
15 silly audit   'lodash.isplainobject': [ '4.0.6' ],
15 silly audit   'lodash.isstring': [ '4.0.1' ],
15 silly audit   'lodash.once': [ '4.1.1' ],
15 silly audit   long: [ '5.3.2' ],
15 silly audit   'lru.min': [ '1.1.4' ],
15 silly audit   'math-intrinsics': [ '1.1.0' ],
15 silly audit   'media-typer': [ '0.3.0' ],
15 silly audit   'merge-descriptors': [ '1.0.3' ],
15 silly audit   methods: [ '1.1.2' ],
15 silly audit   mime: [ '1.6.0' ],
15 silly audit   'mime-db': [ '1.52.0' ],
15 silly audit   'mime-types': [ '2.1.35' ],
15 silly audit   minimatch: [ '10.2.5' ],
15 silly audit   mysql2: [ '3.22.2' ],
15 silly audit   'named-placeholders': [ '1.1.6' ],
15 silly audit   negotiator: [ '0.6.3' ],
15 silly audit   'node-addon-api': [ '8.7.0' ],
15 silly audit   'node-gyp-build': [ '4.8.4' ],
15 silly audit   nodemon: [ '3.1.14' ],
15 silly audit   'normalize-path': [ '3.0.0' ],
15 silly audit   'object-assign': [ '4.1.1' ],
15 silly audit   'object-inspect': [ '1.13.4' ],
15 silly audit   'on-finished': [ '2.4.1' ],
15 silly audit   parseurl: [ '1.3.3' ],
15 silly audit   'path-to-regexp': [ '0.1.13' ],
15 silly audit   picomatch: [ '2.3.2' ],
15 silly audit   'proxy-addr': [ '2.0.7' ],
15 silly audit   'pstree.remy': [ '1.1.8' ],
15 silly audit   qs: [ '6.14.2' ],
15 silly audit   'range-parser': [ '1.2.1' ],
15 silly audit   'raw-body': [ '2.5.3' ],
15 silly audit   readdirp: [ '3.6.0' ],
15 silly audit   'safe-buffer': [ '5.2.1' ],
15 silly audit   'safer-buffer': [ '2.1.2' ],
15 silly audit   semver: [ '7.7.4' ],
15 silly audit   send: [ '0.19.2' ],
15 silly audit   setprototypeof: [ '1.2.0' ],
15 silly audit   'side-channel': [ '1.1.0' ],
15 silly audit   'side-channel-list': [ '1.0.1' ],
15 silly audit   'side-channel-map': [ '1.0.1' ],
15 silly audit   'side-channel-weakmap': [ '1.0.2' ],
15 silly audit   'simple-update-notifier': [ '2.0.0' ],
15 silly audit   'sql-escaper': [ '1.3.3' ],
15 silly audit   statuses: [ '2.0.2' ],
15 silly audit   'supports-color': [ '5.5.0' ],
15 silly audit   'to-regex-range': [ '5.0.1' ],
15 silly audit   toidentifier: [ '1.0.1' ],
15 silly audit   touch: [ '3.1.1' ],
15 silly audit   'type-is': [ '1.6.18' ],
15 silly audit   undefsafe: [ '2.0.5' ],
15 silly audit   'undici-types': [ '7.19.2' ],
15 silly audit   unpipe: [ '1.0.0' ],
15 silly audit   'utils-merge': [ '1.0.1' ],
15 silly audit   vary: [ '1.1.2' ]
15 silly audit }
16 verbose reify failed optional dependency D:\Development\Web\medical_expert_system\backend\node_modules\chokidar\node_modules\fsevents
17 silly reify mark deleted [
17 silly reify   'D:\\Development\\Web\\medical_expert_system\\backend\\node_modules\\chokidar\\node_modules\\fsevents'
17 silly reify ]
18 silly packumentCache corgi:https://registry.npmjs.org/vary cache-miss
19 silly packumentCache corgi:https://registry.npmjs.org/utils-merge cache-miss
20 silly packumentCache corgi:https://registry.npmjs.org/unpipe cache-miss
21 silly packumentCache corgi:https://registry.npmjs.org/undefsafe cache-miss
22 silly packumentCache corgi:https://registry.npmjs.org/type-is cache-miss
23 silly packumentCache corgi:https://registry.npmjs.org/undici-types cache-miss
24 silly packumentCache corgi:https://registry.npmjs.org/toidentifier cache-miss
25 silly packumentCache corgi:https://registry.npmjs.org/touch cache-miss
26 silly packumentCache corgi:https://registry.npmjs.org/to-regex-range cache-miss
27 silly packumentCache corgi:https://registry.npmjs.org/supports-color cache-miss
28 silly packumentCache corgi:https://registry.npmjs.org/sql-escaper cache-miss
29 silly packumentCache corgi:https://registry.npmjs.org/statuses cache-miss
30 silly packumentCache corgi:https://registry.npmjs.org/side-channel-weakmap cache-miss
31 silly packumentCache corgi:https://registry.npmjs.org/side-channel-map cache-miss
32 silly packumentCache corgi:https://registry.npmjs.org/side-channel-list cache-miss
33 silly packumentCache corgi:https://registry.npmjs.org/side-channel cache-miss
34 silly packumentCache corgi:https://registry.npmjs.org/simple-update-notifier cache-miss
35 silly packumentCache corgi:https://registry.npmjs.org/setprototypeof cache-miss
36 silly packumentCache corgi:https://registry.npmjs.org/semver cache-miss
37 silly packumentCache corgi:https://registry.npmjs.org/send cache-miss
38 silly packumentCache corgi:https://registry.npmjs.org/safer-buffer cache-miss
39 silly packumentCache corgi:https://registry.npmjs.org/safe-buffer cache-miss
40 silly packumentCache corgi:https://registry.npmjs.org/raw-body cache-miss
41 silly packumentCache corgi:https://registry.npmjs.org/readdirp cache-miss
42 silly packumentCache corgi:https://registry.npmjs.org/qs cache-miss
43 silly packumentCache corgi:https://registry.npmjs.org/range-parser cache-miss
44 silly packumentCache corgi:https://registry.npmjs.org/pstree.remy cache-miss
45 silly packumentCache corgi:https://registry.npmjs.org/proxy-addr cache-miss
46 silly packumentCache corgi:https://registry.npmjs.org/picomatch cache-miss
47 silly packumentCache corgi:https://registry.npmjs.org/path-to-regexp cache-miss
48 silly packumentCache corgi:https://registry.npmjs.org/on-finished cache-miss
49 silly packumentCache corgi:https://registry.npmjs.org/parseurl cache-miss
50 silly packumentCache corgi:https://registry.npmjs.org/object-assign cache-miss
51 silly packumentCache corgi:https://registry.npmjs.org/object-inspect cache-miss
52 silly packumentCache corgi:https://registry.npmjs.org/normalize-path cache-miss
53 silly packumentCache corgi:https://registry.npmjs.org/nodemon cache-miss
54 http cache node-gyp-build@https://registry.npmjs.org/node-gyp-build/-/node-gyp-build-4.8.4.tgz 0ms (cache hit)
55 http cache node-addon-api@https://registry.npmjs.org/node-addon-api/-/node-addon-api-8.7.0.tgz 0ms (cache hit)
56 silly packumentCache corgi:https://registry.npmjs.org/negotiator cache-miss
57 silly packumentCache corgi:https://registry.npmjs.org/mysql2 cache-miss
58 silly packumentCache corgi:https://registry.npmjs.org/named-placeholders cache-miss
59 silly packumentCache corgi:https://registry.npmjs.org/ms cache-miss
60 silly packumentCache corgi:https://registry.npmjs.org/minimatch cache-miss
61 silly packumentCache corgi:https://registry.npmjs.org/mime-types cache-miss
62 silly packumentCache corgi:https://registry.npmjs.org/mime-db cache-miss
63 silly packumentCache corgi:https://registry.npmjs.org/mime cache-miss
64 silly packumentCache corgi:https://registry.npmjs.org/methods cache-miss
65 silly packumentCache corgi:https://registry.npmjs.org/merge-descriptors cache-miss
66 silly packumentCache corgi:https://registry.npmjs.org/media-typer cache-miss
67 silly packumentCache corgi:https://registry.npmjs.org/math-intrinsics cache-miss
68 silly packumentCache corgi:https://registry.npmjs.org/long cache-miss
69 silly packumentCache corgi:https://registry.npmjs.org/lru.min cache-miss
70 http cache lodash.once@https://registry.npmjs.org/lodash.once/-/lodash.once-4.1.1.tgz 0ms (cache hit)
71 http cache lodash.isstring@https://registry.npmjs.org/lodash.isstring/-/lodash.isstring-4.0.1.tgz 0ms (cache hit)
72 http cache lodash.isnumber@https://registry.npmjs.org/lodash.isnumber/-/lodash.isnumber-3.0.3.tgz 0ms (cache hit)
73 http cache lodash.isplainobject@https://registry.npmjs.org/lodash.isplainobject/-/lodash.isplainobject-4.0.6.tgz 0ms (cache hit)
74 http cache lodash.isinteger@https://registry.npmjs.org/lodash.isinteger/-/lodash.isinteger-4.0.4.tgz 0ms (cache hit)
75 http cache lodash.isboolean@https://registry.npmjs.org/lodash.isboolean/-/lodash.isboolean-3.0.3.tgz 0ms (cache hit)
76 http cache jws@https://registry.npmjs.org/jws/-/jws-4.0.1.tgz 0ms (cache hit)
77 http cache jwa@https://registry.npmjs.org/jwa/-/jwa-2.0.1.tgz 0ms (cache hit)
78 http cache jsonwebtoken@https://registry.npmjs.org/jsonwebtoken/-/jsonwebtoken-9.0.3.tgz 0ms (cache hit)
79 silly packumentCache corgi:https://registry.npmjs.org/is-property cache-miss
80 silly packumentCache corgi:https://registry.npmjs.org/is-number cache-miss
81 silly packumentCache corgi:https://registry.npmjs.org/is-glob cache-miss
82 silly packumentCache corgi:https://registry.npmjs.org/is-extglob cache-miss
83 http cache lodash.includes@https://registry.npmjs.org/lodash.includes/-/lodash.includes-4.3.0.tgz 0ms (cache hit)
84 silly packumentCache corgi:https://registry.npmjs.org/is-binary-path cache-miss
85 silly packumentCache corgi:https://registry.npmjs.org/ipaddr.js cache-miss
86 silly packumentCache corgi:https://registry.npmjs.org/inherits cache-miss
87 silly packumentCache corgi:https://registry.npmjs.org/ignore-by-default cache-miss
88 silly packumentCache corgi:https://registry.npmjs.org/http-errors cache-miss
89 silly packumentCache corgi:https://registry.npmjs.org/iconv-lite cache-miss
90 silly packumentCache corgi:https://registry.npmjs.org/has-flag cache-miss
91 silly packumentCache corgi:https://registry.npmjs.org/hasown cache-miss
92 silly packumentCache corgi:https://registry.npmjs.org/has-symbols cache-miss
93 silly packumentCache corgi:https://registry.npmjs.org/get-proto cache-miss
94 silly packumentCache corgi:https://registry.npmjs.org/gopd cache-miss
95 silly packumentCache corgi:https://registry.npmjs.org/glob-parent cache-miss
96 silly packumentCache corgi:https://registry.npmjs.org/get-intrinsic cache-miss
97 silly packumentCache corgi:https://registry.npmjs.org/generate-function cache-miss
98 silly packumentCache corgi:https://registry.npmjs.org/function-bind cache-miss
99 silly packumentCache corgi:https://registry.npmjs.org/fresh cache-miss
100 silly packumentCache corgi:https://registry.npmjs.org/finalhandler cache-miss
101 silly packumentCache corgi:https://registry.npmjs.org/forwarded cache-miss
102 silly packumentCache corgi:https://registry.npmjs.org/fill-range cache-miss
103 silly packumentCache corgi:https://registry.npmjs.org/express-rate-limit cache-miss
104 silly packumentCache corgi:https://registry.npmjs.org/express cache-miss
105 silly packumentCache corgi:https://registry.npmjs.org/escape-html cache-miss
106 silly packumentCache corgi:https://registry.npmjs.org/etag cache-miss
107 silly packumentCache corgi:https://registry.npmjs.org/es-object-atoms cache-miss
108 silly packumentCache corgi:https://registry.npmjs.org/es-errors cache-miss
109 silly packumentCache corgi:https://registry.npmjs.org/es-define-property cache-miss
110 silly packumentCache corgi:https://registry.npmjs.org/ee-first cache-miss
111 silly packumentCache corgi:https://registry.npmjs.org/encodeurl cache-miss
112 http cache ecdsa-sig-formatter@https://registry.npmjs.org/ecdsa-sig-formatter/-/ecdsa-sig-formatter-1.0.11.tgz 0ms (cache hit)
113 silly packumentCache corgi:https://registry.npmjs.org/dunder-proto cache-miss
114 silly packumentCache corgi:https://registry.npmjs.org/dotenv cache-miss
115 silly packumentCache corgi:https://registry.npmjs.org/depd cache-miss
116 silly packumentCache corgi:https://registry.npmjs.org/denque cache-miss
117 silly packumentCache corgi:https://registry.npmjs.org/destroy cache-miss
118 silly packumentCache corgi:https://registry.npmjs.org/debug cache-miss
119 silly packumentCache corgi:https://registry.npmjs.org/cookie-signature cache-miss
120 silly packumentCache corgi:https://registry.npmjs.org/cors cache-miss
121 silly packumentCache corgi:https://registry.npmjs.org/cookie cache-miss
122 silly packumentCache corgi:https://registry.npmjs.org/content-type cache-miss
123 silly packumentCache corgi:https://registry.npmjs.org/content-disposition cache-miss
124 silly packumentCache corgi:https://registry.npmjs.org/call-bind-apply-helpers cache-miss
125 silly packumentCache corgi:https://registry.npmjs.org/chokidar cache-miss
126 silly packumentCache corgi:https://registry.npmjs.org/call-bound cache-miss
127 silly packumentCache corgi:https://registry.npmjs.org/bytes cache-miss
128 http cache buffer-equal-constant-time@https://registry.npmjs.org/buffer-equal-constant-time/-/buffer-equal-constant-time-1.0.1.tgz 0ms (cache hit)
129 silly packumentCache corgi:https://registry.npmjs.org/brace-expansion cache-miss
130 silly packumentCache corgi:https://registry.npmjs.org/braces cache-miss
131 silly packumentCache corgi:https://registry.npmjs.org/body-parser cache-miss
132 silly packumentCache corgi:https://registry.npmjs.org/binary-extensions cache-miss
133 http cache bcrypt@https://registry.npmjs.org/bcrypt/-/bcrypt-6.0.0.tgz 0ms (cache hit)
134 silly packumentCache corgi:https://registry.npmjs.org/balanced-match cache-miss
135 silly packumentCache corgi:https://registry.npmjs.org/aws-ssl-profiles cache-miss
136 silly packumentCache corgi:https://registry.npmjs.org/array-flatten cache-miss
137 silly packumentCache corgi:https://registry.npmjs.org/anymatch cache-miss
138 silly packumentCache corgi:https://registry.npmjs.org/@types%2fnode cache-miss
139 silly packumentCache corgi:https://registry.npmjs.org/accepts cache-miss
140 silly packumentCache corgi:https://registry.npmjs.org/ms cache-miss
141 silly packumentCache corgi:https://registry.npmjs.org/ms cache-miss
142 silly packumentCache corgi:https://registry.npmjs.org/iconv-lite cache-miss
143 http cache ms@https://registry.npmjs.org/ms/-/ms-2.1.3.tgz 0ms (cache hit)
144 silly packumentCache corgi:https://registry.npmjs.org/debug cache-miss
145 http cache serve-static@https://registry.npmjs.org/serve-static/-/serve-static-1.16.3.tgz 0ms (cache hit)
146 silly tarball no local data for node-gyp-build@https://registry.npmjs.org/node-gyp-build/-/node-gyp-build-4.8.4.tgz. Extracting by manifest.
147 silly tarball no local data for node-addon-api@https://registry.npmjs.org/node-addon-api/-/node-addon-api-8.7.0.tgz. Extracting by manifest.
148 silly tarball no local data for lodash.once@https://registry.npmjs.org/lodash.once/-/lodash.once-4.1.1.tgz. Extracting by manifest.
149 silly tarball no local data for lodash.isstring@https://registry.npmjs.org/lodash.isstring/-/lodash.isstring-4.0.1.tgz. Extracting by manifest.
150 silly tarball no local data for lodash.isnumber@https://registry.npmjs.org/lodash.isnumber/-/lodash.isnumber-3.0.3.tgz. Extracting by manifest.
151 silly tarball no local data for lodash.isplainobject@https://registry.npmjs.org/lodash.isplainobject/-/lodash.isplainobject-4.0.6.tgz. Extracting by manifest.
152 silly tarball no local data for lodash.isinteger@https://registry.npmjs.org/lodash.isinteger/-/lodash.isinteger-4.0.4.tgz. Extracting by manifest.
153 silly tarball no local data for lodash.isboolean@https://registry.npmjs.org/lodash.isboolean/-/lodash.isboolean-3.0.3.tgz. Extracting by manifest.
154 silly tarball no local data for jws@https://registry.npmjs.org/jws/-/jws-4.0.1.tgz. Extracting by manifest.
155 silly tarball no local data for jwa@https://registry.npmjs.org/jwa/-/jwa-2.0.1.tgz. Extracting by manifest.
156 silly tarball no local data for jsonwebtoken@https://registry.npmjs.org/jsonwebtoken/-/jsonwebtoken-9.0.3.tgz. Extracting by manifest.
157 silly tarball no local data for lodash.includes@https://registry.npmjs.org/lodash.includes/-/lodash.includes-4.3.0.tgz. Extracting by manifest.
158 silly tarball no local data for ecdsa-sig-formatter@https://registry.npmjs.org/ecdsa-sig-formatter/-/ecdsa-sig-formatter-1.0.11.tgz. Extracting by manifest.
159 silly tarball no local data for buffer-equal-constant-time@https://registry.npmjs.org/buffer-equal-constant-time/-/buffer-equal-constant-time-1.0.1.tgz. Extracting by manifest.
160 silly tarball no local data for bcrypt@https://registry.npmjs.org/bcrypt/-/bcrypt-6.0.0.tgz. Extracting by manifest.
161 silly tarball no local data for ms@https://registry.npmjs.org/ms/-/ms-2.1.3.tgz. Extracting by manifest.
162 silly tarball no local data for serve-static@https://registry.npmjs.org/serve-static/-/serve-static-1.16.3.tgz. Extracting by manifest.
163 http fetch GET 200 https://registry.npmjs.org/vary 1341ms (cache miss)
164 silly packumentCache corgi:https://registry.npmjs.org/vary set size:undefined disposed:false
165 http fetch POST 200 https://registry.npmjs.org/-/npm/v1/security/advisories/bulk 1672ms
166 silly audit report {}
167 http fetch GET 200 https://registry.npmjs.org/utils-merge 1631ms (cache miss)
168 silly packumentCache corgi:https://registry.npmjs.org/utils-merge set size:undefined disposed:false
169 http fetch GET 200 https://registry.npmjs.org/unpipe 1633ms (cache miss)
170 silly packumentCache corgi:https://registry.npmjs.org/unpipe set size:undefined disposed:false
171 http fetch GET 200 https://registry.npmjs.org/side-channel-map 1636ms (cache miss)
172 silly packumentCache corgi:https://registry.npmjs.org/side-channel-map set size:undefined disposed:false
173 http fetch GET 200 https://registry.npmjs.org/touch 1639ms (cache miss)
174 silly packumentCache corgi:https://registry.npmjs.org/touch set size:undefined disposed:false
175 http fetch GET 200 https://registry.npmjs.org/to-regex-range 1644ms (cache miss)
176 silly packumentCache corgi:https://registry.npmjs.org/to-regex-range set size:undefined disposed:false
177 http fetch GET 200 https://registry.npmjs.org/undici-types 1654ms (cache miss)
178 silly packumentCache corgi:https://registry.npmjs.org/undici-types set size:undefined disposed:false
179 http fetch GET 200 https://registry.npmjs.org/supports-color 1654ms (cache miss)
180 silly packumentCache corgi:https://registry.npmjs.org/supports-color set size:undefined disposed:false
181 http fetch GET 200 https://registry.npmjs.org/npm 1920ms
182 http fetch GET 200 https://registry.npmjs.org/side-channel-list 1694ms (cache miss)
183 silly packumentCache corgi:https://registry.npmjs.org/side-channel-list set size:undefined disposed:false
184 http fetch GET 200 https://registry.npmjs.org/setprototypeof 1699ms (cache miss)
185 silly packumentCache corgi:https://registry.npmjs.org/setprototypeof set size:undefined disposed:false
186 http fetch GET 200 https://registry.npmjs.org/side-channel 1700ms (cache miss)
187 silly packumentCache corgi:https://registry.npmjs.org/side-channel set size:undefined disposed:false
188 http fetch GET 200 https://registry.npmjs.org/simple-update-notifier 1705ms (cache miss)
189 silly packumentCache corgi:https://registry.npmjs.org/simple-update-notifier set size:undefined disposed:false
190 http fetch GET 200 https://registry.npmjs.org/range-parser 1710ms (cache miss)
191 silly packumentCache corgi:https://registry.npmjs.org/range-parser set size:undefined disposed:false
192 http fetch GET 200 https://registry.npmjs.org/safe-buffer 1713ms (cache miss)
193 silly packumentCache corgi:https://registry.npmjs.org/safe-buffer set size:undefined disposed:false
194 http fetch GET 200 https://registry.npmjs.org/pstree.remy 1715ms (cache miss)
195 silly packumentCache corgi:https://registry.npmjs.org/pstree.remy set size:undefined disposed:false
196 http fetch GET 200 https://registry.npmjs.org/semver 1717ms (cache miss)
197 silly packumentCache corgi:https://registry.npmjs.org/semver set size:undefined disposed:false
198 http fetch GET 200 https://registry.npmjs.org/readdirp 1720ms (cache miss)
199 silly packumentCache corgi:https://registry.npmjs.org/readdirp set size:undefined disposed:false
200 http fetch GET 200 https://registry.npmjs.org/qs 1731ms (cache miss)
201 silly packumentCache corgi:https://registry.npmjs.org/qs set size:undefined disposed:false
202 http fetch GET 200 https://registry.npmjs.org/proxy-addr 1740ms (cache miss)
203 silly packumentCache corgi:https://registry.npmjs.org/proxy-addr set size:undefined disposed:false
204 http fetch GET 200 https://registry.npmjs.org/picomatch 1746ms (cache miss)
205 silly packumentCache corgi:https://registry.npmjs.org/picomatch set size:undefined disposed:false
206 http fetch GET 200 https://registry.npmjs.org/path-to-regexp 1748ms (cache miss)
207 silly packumentCache corgi:https://registry.npmjs.org/path-to-regexp set size:undefined disposed:false
208 http fetch GET 200 https://registry.npmjs.org/side-channel-weakmap 1755ms (cache miss)
209 silly packumentCache corgi:https://registry.npmjs.org/side-channel-weakmap set size:undefined disposed:false
210 http fetch GET 200 https://registry.npmjs.org/toidentifier 1757ms (cache miss)
211 silly packumentCache corgi:https://registry.npmjs.org/toidentifier set size:undefined disposed:false
212 http fetch GET 200 https://registry.npmjs.org/undefsafe 1759ms (cache miss)
213 silly packumentCache corgi:https://registry.npmjs.org/undefsafe set size:undefined disposed:false
214 http fetch GET 200 https://registry.npmjs.org/statuses 1758ms (cache miss)
215 silly packumentCache corgi:https://registry.npmjs.org/statuses set size:undefined disposed:false
216 http fetch GET 200 https://registry.npmjs.org/type-is 1837ms (cache miss)
217 silly packumentCache corgi:https://registry.npmjs.org/type-is set size:undefined disposed:false
218 http fetch GET 200 https://registry.npmjs.org/ms 1889ms (cache miss)
219 silly packumentCache corgi:https://registry.npmjs.org/ms set size:undefined disposed:false
220 http fetch GET 200 https://registry.npmjs.org/object-assign 1902ms (cache miss)
221 silly packumentCache corgi:https://registry.npmjs.org/object-assign set size:undefined disposed:false
222 http fetch GET 200 https://registry.npmjs.org/normalize-path 1906ms (cache miss)
223 silly packumentCache corgi:https://registry.npmjs.org/normalize-path set size:undefined disposed:false
224 http fetch GET 200 https://registry.npmjs.org/safer-buffer 1910ms (cache miss)
225 silly packumentCache corgi:https://registry.npmjs.org/safer-buffer set size:undefined disposed:false
226 http fetch GET 200 https://registry.npmjs.org/nodemon 1911ms (cache miss)
227 silly packumentCache corgi:https://registry.npmjs.org/nodemon set size:undefined disposed:false
228 http fetch GET 200 https://registry.npmjs.org/minimatch 2076ms (cache miss)
229 silly packumentCache corgi:https://registry.npmjs.org/minimatch set size:undefined disposed:false
230 http fetch GET 200 https://registry.npmjs.org/raw-body 2212ms (cache miss)
231 silly packumentCache corgi:https://registry.npmjs.org/raw-body set size:undefined disposed:false
232 http fetch GET 200 https://registry.npmjs.org/parseurl 2213ms (cache miss)
233 silly packumentCache corgi:https://registry.npmjs.org/parseurl set size:undefined disposed:false
234 http fetch GET 200 https://registry.npmjs.org/merge-descriptors 2212ms (cache miss)
235 silly packumentCache corgi:https://registry.npmjs.org/merge-descriptors set size:undefined disposed:false
236 http fetch GET 200 https://registry.npmjs.org/named-placeholders 2216ms (cache miss)
237 silly packumentCache corgi:https://registry.npmjs.org/named-placeholders set size:undefined disposed:false
238 http fetch GET 200 https://registry.npmjs.org/object-inspect 2224ms (cache miss)
239 silly packumentCache corgi:https://registry.npmjs.org/object-inspect set size:undefined disposed:false
240 http fetch GET 200 https://registry.npmjs.org/mime-db 2219ms (cache miss)
241 silly packumentCache corgi:https://registry.npmjs.org/mime-db set size:undefined disposed:false
242 http fetch GET 200 https://registry.npmjs.org/on-finished 2229ms (cache miss)
243 silly packumentCache corgi:https://registry.npmjs.org/on-finished set size:undefined disposed:false
244 http fetch GET 200 https://registry.npmjs.org/negotiator 2226ms (cache miss)
245 silly packumentCache corgi:https://registry.npmjs.org/negotiator set size:undefined disposed:false
246 http fetch GET 200 https://registry.npmjs.org/methods 2248ms (cache miss)
247 silly packumentCache corgi:https://registry.npmjs.org/methods set size:undefined disposed:false
248 http fetch GET 200 https://registry.npmjs.org/mime-types 2251ms (cache miss)
249 silly packumentCache corgi:https://registry.npmjs.org/mime-types set size:undefined disposed:false
250 http fetch GET 200 https://registry.npmjs.org/send 2261ms (cache miss)
251 silly packumentCache corgi:https://registry.npmjs.org/send set size:undefined disposed:false
252 http fetch GET 200 https://registry.npmjs.org/is-extglob 2249ms (cache miss)
253 silly packumentCache corgi:https://registry.npmjs.org/is-extglob set size:undefined disposed:false
254 http fetch GET 200 https://registry.npmjs.org/mime 2255ms (cache miss)
255 silly packumentCache corgi:https://registry.npmjs.org/mime set size:undefined disposed:false
256 http fetch GET 200 https://registry.npmjs.org/is-binary-path 2252ms (cache miss)
257 silly packumentCache corgi:https://registry.npmjs.org/is-binary-path set size:undefined disposed:false
258 http fetch GET 200 https://registry.npmjs.org/sql-escaper 2269ms (cache miss)
259 silly packumentCache corgi:https://registry.npmjs.org/sql-escaper set size:undefined disposed:false
260 http fetch GET 200 https://registry.npmjs.org/ignore-by-default 2339ms (cache miss)
261 silly packumentCache corgi:https://registry.npmjs.org/ignore-by-default set size:undefined disposed:false
262 http fetch GET 200 https://registry.npmjs.org/http-errors 2344ms (cache miss)
263 silly packumentCache corgi:https://registry.npmjs.org/http-errors set size:undefined disposed:false
264 http fetch GET 200 https://registry.npmjs.org/inherits 2347ms (cache miss)
265 silly packumentCache corgi:https://registry.npmjs.org/inherits set size:undefined disposed:false
266 http fetch GET 200 https://registry.npmjs.org/media-typer 2356ms (cache miss)
267 silly packumentCache corgi:https://registry.npmjs.org/media-typer set size:undefined disposed:false
268 http fetch GET 200 https://registry.npmjs.org/hasown 2350ms (cache miss)
269 silly packumentCache corgi:https://registry.npmjs.org/hasown set size:undefined disposed:false
270 http fetch GET 200 https://registry.npmjs.org/mysql2 2362ms (cache miss)
271 silly packumentCache corgi:https://registry.npmjs.org/mysql2 set size:undefined disposed:false
272 http fetch GET 200 https://registry.npmjs.org/is-glob 2359ms (cache miss)
273 silly packumentCache corgi:https://registry.npmjs.org/is-glob set size:undefined disposed:false
274 http fetch GET 200 https://registry.npmjs.org/ipaddr.js 2367ms (cache miss)
275 silly packumentCache corgi:https://registry.npmjs.org/ipaddr.js set size:undefined disposed:false
276 http fetch GET 200 https://registry.npmjs.org/iconv-lite 2368ms (cache miss)
277 silly packumentCache corgi:https://registry.npmjs.org/iconv-lite set size:undefined disposed:false
278 http fetch GET 200 https://registry.npmjs.org/get-proto 2373ms (cache miss)
279 silly packumentCache corgi:https://registry.npmjs.org/get-proto set size:undefined disposed:false
280 http fetch GET 200 https://registry.npmjs.org/function-bind 2373ms (cache miss)
281 silly packumentCache corgi:https://registry.npmjs.org/function-bind set size:undefined disposed:false
282 http fetch GET 200 https://registry.npmjs.org/has-symbols 2376ms (cache miss)
283 silly packumentCache corgi:https://registry.npmjs.org/has-symbols set size:undefined disposed:false
284 http fetch GET 200 https://registry.npmjs.org/glob-parent 2377ms (cache miss)
285 silly packumentCache corgi:https://registry.npmjs.org/glob-parent set size:undefined disposed:false
286 http fetch GET 200 https://registry.npmjs.org/fresh 2379ms (cache miss)
287 silly packumentCache corgi:https://registry.npmjs.org/fresh set size:undefined disposed:false
288 http fetch GET 200 https://registry.npmjs.org/escape-html 2547ms (cache miss)
289 silly packumentCache corgi:https://registry.npmjs.org/escape-html set size:undefined disposed:false
290 http fetch GET 200 https://registry.npmjs.org/fill-range 2556ms (cache miss)
291 silly packumentCache corgi:https://registry.npmjs.org/fill-range set size:undefined disposed:false
292 http fetch GET 200 https://registry.npmjs.org/etag 2567ms (cache miss)
293 silly packumentCache corgi:https://registry.npmjs.org/etag set size:undefined disposed:false
294 http fetch GET 200 https://registry.npmjs.org/is-property 2574ms (cache miss)
295 silly packumentCache corgi:https://registry.npmjs.org/is-property set size:undefined disposed:false
296 http fetch GET 200 https://registry.npmjs.org/es-object-atoms 2571ms (cache miss)
297 silly packumentCache corgi:https://registry.npmjs.org/es-object-atoms set size:undefined disposed:false
298 http fetch GET 200 https://registry.npmjs.org/is-number 2577ms (cache miss)
299 silly packumentCache corgi:https://registry.npmjs.org/is-number set size:undefined disposed:false
300 http fetch GET 200 https://registry.npmjs.org/math-intrinsics 2583ms (cache miss)
301 silly packumentCache corgi:https://registry.npmjs.org/math-intrinsics set size:undefined disposed:false
302 http fetch GET 200 https://registry.npmjs.org/has-flag 2576ms (cache miss)
303 silly packumentCache corgi:https://registry.npmjs.org/has-flag set size:undefined disposed:false
304 http fetch GET 200 https://registry.npmjs.org/express-rate-limit 2577ms (cache miss)
305 silly packumentCache corgi:https://registry.npmjs.org/express-rate-limit set size:undefined disposed:false
306 http fetch GET 200 https://registry.npmjs.org/express 2584ms (cache miss)
307 silly packumentCache corgi:https://registry.npmjs.org/express set size:undefined disposed:false
308 http fetch GET 200 https://registry.npmjs.org/es-errors 2613ms (cache miss)
309 silly packumentCache corgi:https://registry.npmjs.org/es-errors set size:undefined disposed:false
310 http fetch GET 200 https://registry.npmjs.org/es-define-property 2617ms (cache miss)
311 silly packumentCache corgi:https://registry.npmjs.org/es-define-property set size:undefined disposed:false
312 http fetch GET 200 https://registry.npmjs.org/dunder-proto 2617ms (cache miss)
313 silly packumentCache corgi:https://registry.npmjs.org/dunder-proto set size:undefined disposed:false
314 http fetch GET 200 https://registry.npmjs.org/gopd 2657ms (cache miss)
315 silly packumentCache corgi:https://registry.npmjs.org/gopd set size:undefined disposed:false
316 http fetch GET 200 https://registry.npmjs.org/generate-function 2658ms (cache miss)
317 silly packumentCache corgi:https://registry.npmjs.org/generate-function set size:undefined disposed:false
318 http fetch GET 200 https://registry.npmjs.org/dotenv 2657ms (cache miss)
319 silly packumentCache corgi:https://registry.npmjs.org/dotenv set size:undefined disposed:false
320 http fetch GET 200 https://registry.npmjs.org/finalhandler 2665ms (cache miss)
321 silly packumentCache corgi:https://registry.npmjs.org/finalhandler set size:undefined disposed:false
322 http fetch GET 200 https://registry.npmjs.org/forwarded 2666ms (cache miss)
323 silly packumentCache corgi:https://registry.npmjs.org/forwarded set size:undefined disposed:false
324 http fetch GET 200 https://registry.npmjs.org/get-intrinsic 2669ms (cache miss)
325 silly packumentCache corgi:https://registry.npmjs.org/get-intrinsic set size:undefined disposed:false
326 http fetch GET 200 https://registry.npmjs.org/destroy 2725ms (cache miss)
327 silly packumentCache corgi:https://registry.npmjs.org/destroy set size:undefined disposed:false
328 http fetch GET 200 https://registry.npmjs.org/content-disposition 2726ms (cache miss)
329 silly packumentCache corgi:https://registry.npmjs.org/content-disposition set size:undefined disposed:false
330 http fetch GET 200 https://registry.npmjs.org/cors 2731ms (cache miss)
331 silly packumentCache corgi:https://registry.npmjs.org/cors set size:undefined disposed:false
332 http fetch GET 200 https://registry.npmjs.org/cookie 2734ms (cache miss)
333 silly packumentCache corgi:https://registry.npmjs.org/cookie set size:undefined disposed:false
334 http fetch GET 200 https://registry.npmjs.org/debug 2738ms (cache miss)
335 silly packumentCache corgi:https://registry.npmjs.org/debug set size:undefined disposed:false
336 http fetch GET 200 https://registry.npmjs.org/call-bound 2809ms (cache miss)
337 silly packumentCache corgi:https://registry.npmjs.org/call-bound set size:undefined disposed:false
338 http fetch GET 200 https://registry.npmjs.org/bytes 2809ms (cache miss)
339 silly packumentCache corgi:https://registry.npmjs.org/bytes set size:undefined disposed:false
340 http fetch GET 200 https://registry.npmjs.org/braces 2855ms (cache miss)
341 silly packumentCache corgi:https://registry.npmjs.org/braces set size:undefined disposed:false
342 http fetch GET 200 https://registry.npmjs.org/brace-expansion 2858ms (cache miss)
343 silly packumentCache corgi:https://registry.npmjs.org/brace-expansion set size:undefined disposed:false
344 http fetch GET 200 https://registry.npmjs.org/denque 2892ms (cache miss)
345 silly packumentCache corgi:https://registry.npmjs.org/denque set size:undefined disposed:false
346 http fetch GET 200 https://registry.npmjs.org/ee-first 2897ms (cache miss)
347 silly packumentCache corgi:https://registry.npmjs.org/ee-first set size:undefined disposed:false
348 http fetch GET 200 https://registry.npmjs.org/body-parser 2895ms (cache miss)
349 silly packumentCache corgi:https://registry.npmjs.org/body-parser set size:undefined disposed:false
350 http fetch GET 200 https://registry.npmjs.org/encodeurl 2903ms (cache miss)
351 silly packumentCache corgi:https://registry.npmjs.org/encodeurl set size:undefined disposed:false
352 http fetch GET 200 https://registry.npmjs.org/depd 2903ms (cache miss)
353 silly packumentCache corgi:https://registry.npmjs.org/depd set size:undefined disposed:false
354 http fetch GET 200 https://registry.npmjs.org/array-flatten 2904ms (cache miss)
355 silly packumentCache corgi:https://registry.npmjs.org/array-flatten set size:undefined disposed:false
356 http fetch GET 200 https://registry.npmjs.org/ms 2959ms (cache miss)
357 silly packumentCache corgi:https://registry.npmjs.org/ms set size:undefined disposed:false
358 http fetch GET 200 https://registry.npmjs.org/ms 2962ms (cache miss)
359 silly packumentCache corgi:https://registry.npmjs.org/ms set size:undefined disposed:false
360 http fetch GET 200 https://registry.npmjs.org/iconv-lite 2964ms (cache miss)
361 silly packumentCache corgi:https://registry.npmjs.org/iconv-lite set size:undefined disposed:false
362 http fetch GET 200 https://registry.npmjs.org/long 2986ms (cache miss)
363 silly packumentCache corgi:https://registry.npmjs.org/long set size:undefined disposed:false
364 http fetch GET 200 https://registry.npmjs.org/cookie-signature 2976ms (cache miss)
365 silly packumentCache corgi:https://registry.npmjs.org/cookie-signature set size:undefined disposed:false
366 http fetch GET 200 https://registry.npmjs.org/call-bind-apply-helpers 3065ms (cache miss)
367 silly packumentCache corgi:https://registry.npmjs.org/call-bind-apply-helpers set size:undefined disposed:false
368 http fetch GET 200 https://registry.npmjs.org/anymatch 3068ms (cache miss)
369 silly packumentCache corgi:https://registry.npmjs.org/anymatch set size:undefined disposed:false
370 http fetch GET 200 https://registry.npmjs.org/content-type 3081ms (cache miss)
371 silly packumentCache corgi:https://registry.npmjs.org/content-type set size:undefined disposed:false
372 http fetch GET 200 https://registry.npmjs.org/debug 3273ms (cache miss)
373 silly packumentCache corgi:https://registry.npmjs.org/debug set size:undefined disposed:false
374 http fetch GET 200 https://registry.npmjs.org/lodash.once/-/lodash.once-4.1.1.tgz 3351ms (cache miss)
375 http fetch GET 200 https://registry.npmjs.org/node-gyp-build/-/node-gyp-build-4.8.4.tgz 3393ms (cache miss)
376 http fetch GET 200 https://registry.npmjs.org/lodash.isstring/-/lodash.isstring-4.0.1.tgz 3440ms (cache miss)
377 http fetch GET 200 https://registry.npmjs.org/chokidar 3610ms (cache miss)
378 silly packumentCache corgi:https://registry.npmjs.org/chokidar set size:undefined disposed:false
379 http fetch GET 200 https://registry.npmjs.org/balanced-match 3615ms (cache miss)
380 silly packumentCache corgi:https://registry.npmjs.org/balanced-match set size:undefined disposed:false
381 http fetch GET 200 https://registry.npmjs.org/jsonwebtoken/-/jsonwebtoken-9.0.3.tgz 3588ms (cache miss)
382 http fetch GET 200 https://registry.npmjs.org/lodash.isboolean/-/lodash.isboolean-3.0.3.tgz 3589ms (cache miss)
383 http fetch GET 200 https://registry.npmjs.org/lru.min 3657ms (cache miss)
384 silly packumentCache corgi:https://registry.npmjs.org/lru.min set size:undefined disposed:false
385 http fetch GET 200 https://registry.npmjs.org/lodash.isinteger/-/lodash.isinteger-4.0.4.tgz 3610ms (cache miss)
386 http fetch GET 200 https://registry.npmjs.org/accepts 3648ms (cache miss)
387 silly packumentCache corgi:https://registry.npmjs.org/accepts set size:undefined disposed:false
388 http fetch GET 200 https://registry.npmjs.org/lodash.isnumber/-/lodash.isnumber-3.0.3.tgz 3623ms (cache miss)
389 http fetch GET 200 https://registry.npmjs.org/lodash.isplainobject/-/lodash.isplainobject-4.0.6.tgz 3624ms (cache miss)
390 http fetch GET 200 https://registry.npmjs.org/binary-extensions 3666ms (cache miss)
391 silly packumentCache corgi:https://registry.npmjs.org/binary-extensions set size:undefined disposed:false
392 http fetch GET 200 https://registry.npmjs.org/jwa/-/jwa-2.0.1.tgz 3643ms (cache miss)
393 http fetch GET 200 https://registry.npmjs.org/lodash.includes/-/lodash.includes-4.3.0.tgz 3755ms (cache miss)
394 http fetch GET 200 https://registry.npmjs.org/buffer-equal-constant-time/-/buffer-equal-constant-time-1.0.1.tgz 3770ms (cache miss)
395 http fetch GET 200 https://registry.npmjs.org/unpipe/-/unpipe-1.0.0.tgz 2224ms (cache miss)
396 http fetch GET 200 https://registry.npmjs.org/touch/-/touch-3.1.1.tgz 2220ms (cache miss)
397 http fetch GET 200 https://registry.npmjs.org/supports-color/-/supports-color-5.5.0.tgz 2204ms (cache miss)
398 http fetch GET 200 https://registry.npmjs.org/side-channel-map/-/side-channel-map-1.0.1.tgz 2222ms (cache miss)
399 http fetch GET 200 https://registry.npmjs.org/utils-merge/-/utils-merge-1.0.1.tgz 2272ms (cache miss)
400 http fetch GET 200 https://registry.npmjs.org/to-regex-range/-/to-regex-range-5.0.1.tgz 2272ms (cache miss)
401 http fetch GET 200 https://registry.npmjs.org/vary/-/vary-1.1.2.tgz 2581ms (cache miss)
402 http fetch GET 200 https://registry.npmjs.org/range-parser/-/range-parser-1.2.1.tgz 2208ms (cache miss)
403 http fetch GET 200 https://registry.npmjs.org/ms/-/ms-2.1.3.tgz 3835ms (cache miss)
404 http fetch GET 200 https://registry.npmjs.org/undici-types/-/undici-types-7.19.2.tgz 2271ms (cache miss)
405 http fetch GET 200 https://registry.npmjs.org/side-channel-list/-/side-channel-list-1.0.1.tgz 2240ms (cache miss)
406 http fetch GET 200 https://registry.npmjs.org/simple-update-notifier/-/simple-update-notifier-2.0.0.tgz 2230ms (cache miss)
407 http fetch GET 200 https://registry.npmjs.org/serve-static/-/serve-static-1.16.3.tgz 3850ms (cache miss)
408 http fetch GET 200 https://registry.npmjs.org/safe-buffer/-/safe-buffer-5.2.1.tgz 2240ms (cache miss)
409 http fetch GET 200 https://registry.npmjs.org/pstree.remy/-/pstree.remy-1.1.8.tgz 2237ms (cache miss)
410 http fetch GET 200 https://registry.npmjs.org/setprototypeof/-/setprototypeof-1.2.0.tgz 2275ms (cache miss)
411 http fetch GET 200 https://registry.npmjs.org/jws/-/jws-4.0.1.tgz 3999ms (cache miss)
412 http fetch GET 200 https://registry.npmjs.org/undefsafe/-/undefsafe-2.0.5.tgz 2359ms (cache miss)
413 http fetch GET 200 https://registry.npmjs.org/node-addon-api/-/node-addon-api-8.7.0.tgz 4075ms (cache miss)
414 http fetch GET 200 https://registry.npmjs.org/ms/-/ms-2.0.0.tgz 2230ms (cache miss)
415 http fetch GET 200 https://registry.npmjs.org/path-to-regexp/-/path-to-regexp-0.1.13.tgz 2417ms (cache miss)
416 http fetch GET 200 https://registry.npmjs.org/toidentifier/-/toidentifier-1.0.1.tgz 2415ms (cache miss)
417 http fetch GET 200 https://registry.npmjs.org/statuses/-/statuses-2.0.2.tgz 2413ms (cache miss)
418 http fetch GET 200 https://registry.npmjs.org/aws-ssl-profiles 4144ms (cache miss)
419 silly packumentCache corgi:https://registry.npmjs.org/aws-ssl-profiles set size:undefined disposed:false
420 http fetch GET 200 https://registry.npmjs.org/proxy-addr/-/proxy-addr-2.0.7.tgz 2521ms (cache miss)
421 http fetch GET 200 https://registry.npmjs.org/ecdsa-sig-formatter/-/ecdsa-sig-formatter-1.0.11.tgz 4189ms (cache miss)
422 http fetch GET 200 https://registry.npmjs.org/type-is/-/type-is-1.6.18.tgz 2454ms (cache miss)
423 http fetch GET 200 https://registry.npmjs.org/side-channel-weakmap/-/side-channel-weakmap-1.0.2.tgz 2541ms (cache miss)
424 http fetch GET 200 https://registry.npmjs.org/merge-descriptors/-/merge-descriptors-1.0.3.tgz 2125ms (cache miss)
425 http fetch GET 200 https://registry.npmjs.org/object-assign/-/object-assign-4.1.1.tgz 2450ms (cache miss)
426 http fetch GET 200 https://registry.npmjs.org/normalize-path/-/normalize-path-3.0.0.tgz 2481ms (cache miss)
427 http fetch GET 200 https://registry.npmjs.org/named-placeholders/-/named-placeholders-1.1.6.tgz 2174ms (cache miss)
428 http fetch GET 200 https://registry.npmjs.org/on-finished/-/on-finished-2.4.1.tgz 2217ms (cache miss)
429 http fetch GET 200 https://registry.npmjs.org/readdirp/-/readdirp-3.6.0.tgz 2732ms (cache miss)
430 http fetch GET 200 https://registry.npmjs.org/nodemon/-/nodemon-3.1.14.tgz 2550ms (cache miss)
431 http fetch GET 200 https://registry.npmjs.org/safer-buffer/-/safer-buffer-2.1.2.tgz 2562ms (cache miss)
432 http fetch GET 200 https://registry.npmjs.org/inherits/-/inherits-2.0.4.tgz 2113ms (cache miss)
433 http fetch GET 200 https://registry.npmjs.org/is-binary-path/-/is-binary-path-2.1.0.tgz 2215ms (cache miss)
434 http fetch GET 200 https://registry.npmjs.org/has-symbols/-/has-symbols-1.1.0.tgz 2090ms (cache miss)
435 http fetch GET 200 https://registry.npmjs.org/raw-body/-/raw-body-2.5.3.tgz 2271ms (cache miss)
436 http fetch GET 200 https://registry.npmjs.org/parseurl/-/parseurl-1.3.3.tgz 2270ms (cache miss)
437 http fetch GET 200 https://registry.npmjs.org/mime-types/-/mime-types-2.1.35.tgz 2243ms (cache miss)
438 http fetch GET 200 https://registry.npmjs.org/send/-/send-0.19.2.tgz 2242ms (cache miss)
439 http fetch GET 200 https://registry.npmjs.org/get-proto/-/get-proto-1.0.1.tgz 2118ms (cache miss)
440 http fetch GET 200 https://registry.npmjs.org/negotiator/-/negotiator-0.6.3.tgz 2280ms (cache miss)
441 http fetch GET 200 https://registry.npmjs.org/is-extglob/-/is-extglob-2.1.1.tgz 2310ms (cache miss)
442 http fetch GET 200 https://registry.npmjs.org/ignore-by-default/-/ignore-by-default-1.0.1.tgz 2248ms (cache miss)
443 http fetch GET 200 https://registry.npmjs.org/http-errors/-/http-errors-2.0.1.tgz 2244ms (cache miss)
444 http fetch GET 200 https://registry.npmjs.org/media-typer/-/media-typer-0.3.0.tgz 2239ms (cache miss)
445 http fetch GET 200 https://registry.npmjs.org/hasown/-/hasown-2.0.3.tgz 2240ms (cache miss)
446 http fetch GET 200 https://registry.npmjs.org/fill-range/-/fill-range-7.1.1.tgz 2046ms (cache miss)
447 http fetch GET 200 https://registry.npmjs.org/es-object-atoms/-/es-object-atoms-1.1.1.tgz 2033ms (cache miss)
448 http fetch GET 200 https://registry.npmjs.org/mime/-/mime-1.6.0.tgz 2480ms (cache miss)
449 http fetch GET 200 https://registry.npmjs.org/is-glob/-/is-glob-4.0.3.tgz 2403ms (cache miss)
450 http fetch GET 200 https://registry.npmjs.org/ipaddr.js/-/ipaddr.js-1.9.1.tgz 2395ms (cache miss)
451 http fetch GET 200 https://registry.npmjs.org/function-bind/-/function-bind-1.1.2.tgz 2388ms (cache miss)
452 http fetch GET 200 https://registry.npmjs.org/etag/-/etag-1.8.1.tgz 2209ms (cache miss)
453 http fetch GET 200 https://registry.npmjs.org/methods/-/methods-1.1.2.tgz 2549ms (cache miss)
454 http fetch GET 200 https://registry.npmjs.org/glob-parent/-/glob-parent-5.1.2.tgz 2420ms (cache miss)
455 http fetch GET 200 https://registry.npmjs.org/is-number/-/is-number-7.0.0.tgz 2225ms (cache miss)
456 http fetch GET 200 https://registry.npmjs.org/math-intrinsics/-/math-intrinsics-1.1.0.tgz 2225ms (cache miss)
457 http fetch GET 200 https://registry.npmjs.org/has-flag/-/has-flag-3.0.0.tgz 2225ms (cache miss)
458 http fetch GET 200 https://registry.npmjs.org/es-errors/-/es-errors-1.3.0.tgz 2185ms (cache miss)
459 http fetch GET 200 https://registry.npmjs.org/sql-escaper/-/sql-escaper-1.3.3.tgz 2578ms (cache miss)
460 http fetch GET 200 https://registry.npmjs.org/fresh/-/fresh-0.5.2.tgz 2451ms (cache miss)
461 http fetch GET 200 https://registry.npmjs.org/escape-html/-/escape-html-1.0.3.tgz 2306ms (cache miss)
462 http fetch GET 200 https://registry.npmjs.org/is-property/-/is-property-1.0.2.tgz 2285ms (cache miss)
463 http fetch GET 200 https://registry.npmjs.org/express-rate-limit/-/express-rate-limit-7.5.1.tgz 2276ms (cache miss)
464 http fetch GET 200 https://registry.npmjs.org/finalhandler/-/finalhandler-1.3.2.tgz 2194ms (cache miss)
465 http fetch GET 200 https://registry.npmjs.org/cors/-/cors-2.8.6.tgz 2124ms (cache miss)
466 http fetch GET 200 https://registry.npmjs.org/es-define-property/-/es-define-property-1.0.1.tgz 2265ms (cache miss)
467 http fetch GET 200 https://registry.npmjs.org/gopd/-/gopd-1.2.0.tgz 2230ms (cache miss)
468 http fetch GET 200 https://registry.npmjs.org/get-intrinsic/-/get-intrinsic-1.3.0.tgz 2218ms (cache miss)
469 http fetch GET 200 https://registry.npmjs.org/ms/-/ms-2.1.3.tgz 1975ms (cache miss)
470 http fetch GET 200 https://registry.npmjs.org/ms/-/ms-2.1.3.tgz 1973ms (cache miss)
471 http fetch GET 200 https://registry.npmjs.org/generate-function/-/generate-function-2.3.1.tgz 2296ms (cache miss)
472 http fetch GET 200 https://registry.npmjs.org/dotenv/-/dotenv-16.6.1.tgz 2292ms (cache miss)
473 http fetch GET 200 https://registry.npmjs.org/dunder-proto/-/dunder-proto-1.0.1.tgz 2334ms (cache miss)
474 http fetch GET 200 https://registry.npmjs.org/express/-/express-4.22.1.tgz 2391ms (cache miss)
475 http fetch GET 200 https://registry.npmjs.org/forwarded/-/forwarded-0.2.0.tgz 2312ms (cache miss)
476 http fetch GET 200 https://registry.npmjs.org/destroy/-/destroy-1.2.0.tgz 2249ms (cache miss)
477 http fetch GET 200 https://registry.npmjs.org/content-disposition/-/content-disposition-0.5.4.tgz 2246ms (cache miss)
478 http fetch GET 200 https://registry.npmjs.org/call-bound/-/call-bound-1.0.4.tgz 2165ms (cache miss)
479 http fetch GET 200 https://registry.npmjs.org/bytes/-/bytes-3.1.2.tgz 2163ms (cache miss)
480 http fetch GET 200 https://registry.npmjs.org/brace-expansion/-/brace-expansion-5.0.5.tgz 2116ms (cache miss)
481 http fetch GET 200 https://registry.npmjs.org/ee-first/-/ee-first-1.1.1.tgz 2097ms (cache miss)
482 http fetch GET 200 https://registry.npmjs.org/body-parser/-/body-parser-1.20.4.tgz 2095ms (cache miss)
483 http fetch GET 200 https://registry.npmjs.org/encodeurl/-/encodeurl-2.0.0.tgz 2094ms (cache miss)
484 http fetch GET 200 https://registry.npmjs.org/call-bind-apply-helpers/-/call-bind-apply-helpers-1.0.2.tgz 1935ms (cache miss)
485 http fetch GET 200 https://registry.npmjs.org/cookie-signature/-/cookie-signature-1.0.7.tgz 2027ms (cache miss)
486 http fetch GET 200 https://registry.npmjs.org/content-type/-/content-type-1.0.5.tgz 1921ms (cache miss)
487 http fetch GET 200 https://registry.npmjs.org/anymatch/-/anymatch-3.1.3.tgz 1931ms (cache miss)
488 http fetch GET 200 https://registry.npmjs.org/braces/-/braces-3.0.3.tgz 2147ms (cache miss)
489 http fetch GET 200 https://registry.npmjs.org/debug/-/debug-2.6.9.tgz 2265ms (cache miss)
490 http fetch GET 200 https://registry.npmjs.org/depd/-/depd-2.0.0.tgz 2103ms (cache miss)
491 http fetch GET 200 https://registry.npmjs.org/side-channel/-/side-channel-1.1.0.tgz 3331ms (cache miss)
492 http fetch GET 200 https://registry.npmjs.org/lru.min/-/lru.min-1.1.4.tgz 1363ms (cache miss)
493 http fetch GET 200 https://registry.npmjs.org/binary-extensions/-/binary-extensions-2.3.0.tgz 1358ms (cache miss)
494 http fetch GET 200 https://registry.npmjs.org/denque/-/denque-2.1.0.tgz 2138ms (cache miss)
495 http fetch GET 200 https://registry.npmjs.org/balanced-match/-/balanced-match-4.0.4.tgz 1416ms (cache miss)
496 http fetch GET 200 https://registry.npmjs.org/array-flatten/-/array-flatten-1.1.1.tgz 2136ms (cache miss)
497 http fetch GET 200 https://registry.npmjs.org/cookie/-/cookie-0.7.2.tgz 2327ms (cache miss)
498 http fetch GET 200 https://registry.npmjs.org/long/-/long-5.3.2.tgz 2107ms (cache miss)
499 http fetch GET 200 https://registry.npmjs.org/accepts/-/accepts-1.3.8.tgz 1430ms (cache miss)
500 http fetch GET 200 https://registry.npmjs.org/mime-db/-/mime-db-1.52.0.tgz 2881ms (cache miss)
501 http fetch GET 200 https://registry.npmjs.org/debug/-/debug-4.4.3.tgz 1825ms (cache miss)
502 http fetch GET 200 https://registry.npmjs.org/aws-ssl-profiles/-/aws-ssl-profiles-1.1.2.tgz 1057ms (cache miss)
503 http fetch GET 200 https://registry.npmjs.org/picomatch/-/picomatch-2.3.2.tgz 3568ms (cache miss)
504 http fetch GET 200 https://registry.npmjs.org/chokidar/-/chokidar-3.6.0.tgz 1714ms (cache miss)
505 http fetch GET 200 https://registry.npmjs.org/qs/-/qs-6.14.2.tgz 3951ms (cache miss)
506 http fetch GET 200 https://registry.npmjs.org/iconv-lite/-/iconv-lite-0.4.24.tgz 3363ms (cache miss)
507 http fetch GET 200 https://registry.npmjs.org/@types%2fnode 5721ms (cache miss)
508 silly packumentCache corgi:https://registry.npmjs.org/@types%2fnode set size:undefined disposed:false
509 http fetch GET 200 https://registry.npmjs.org/iconv-lite/-/iconv-lite-0.7.2.tgz 2825ms (cache miss)
510 http fetch GET 200 https://registry.npmjs.org/object-inspect/-/object-inspect-1.13.4.tgz 3682ms (cache miss)
511 http fetch GET 200 https://registry.npmjs.org/semver/-/semver-7.7.4.tgz 4398ms (cache miss)
512 http fetch GET 200 https://registry.npmjs.org/minimatch/-/minimatch-10.2.5.tgz 4036ms (cache miss)
513 http fetch GET 200 https://registry.npmjs.org/bcrypt/-/bcrypt-6.0.0.tgz 6155ms (cache miss)
514 http fetch GET 200 https://registry.npmjs.org/mysql2/-/mysql2-3.22.2.tgz 4107ms (cache miss)
515 http fetch GET 200 https://registry.npmjs.org/@types/node/-/node-25.6.0.tgz 891ms (cache miss)
516 info run bcrypt@6.0.0 install node_modules/bcrypt node-gyp-build
517 info run bcrypt@6.0.0 install { code: 0, signal: null }
518 silly ADD node_modules/vary
519 silly ADD node_modules/utils-merge
520 silly ADD node_modules/unpipe
521 silly ADD node_modules/undici-types
522 silly ADD node_modules/undefsafe
523 silly ADD node_modules/type-is
524 silly ADD node_modules/touch
525 silly ADD node_modules/toidentifier
526 silly ADD node_modules/to-regex-range
527 silly ADD node_modules/supports-color
528 silly ADD node_modules/statuses
529 silly ADD node_modules/sql-escaper
530 silly ADD node_modules/simple-update-notifier
531 silly ADD node_modules/side-channel-weakmap
532 silly ADD node_modules/side-channel-map
533 silly ADD node_modules/side-channel-list
534 silly ADD node_modules/side-channel
535 silly ADD node_modules/setprototypeof
536 silly ADD node_modules/send
537 silly ADD node_modules/send/node_modules/ms
538 silly ADD node_modules/semver
539 silly ADD node_modules/safer-buffer
540 silly ADD node_modules/safe-buffer
541 silly ADD node_modules/readdirp
542 silly ADD node_modules/raw-body
543 silly ADD node_modules/range-parser
544 silly ADD node_modules/qs
545 silly ADD node_modules/pstree.remy
546 silly ADD node_modules/proxy-addr
547 silly ADD node_modules/picomatch
548 silly ADD node_modules/path-to-regexp
549 silly ADD node_modules/parseurl
550 silly ADD node_modules/on-finished
551 silly ADD node_modules/object-inspect
552 silly ADD node_modules/object-assign
553 silly ADD node_modules/normalize-path
554 silly ADD node_modules/nodemon
555 silly ADD node_modules/nodemon/node_modules/ms
556 silly ADD node_modules/nodemon/node_modules/debug
557 silly ADD node_modules/node-gyp-build
558 silly ADD node_modules/node-addon-api
559 silly ADD node_modules/negotiator
560 silly ADD node_modules/named-placeholders
561 silly ADD node_modules/mysql2
562 silly ADD node_modules/mysql2/node_modules/iconv-lite
563 silly ADD node_modules/ms
564 silly ADD node_modules/minimatch
565 silly ADD node_modules/mime-types
566 silly ADD node_modules/mime-db
567 silly ADD node_modules/mime
568 silly ADD node_modules/methods
569 silly ADD node_modules/merge-descriptors
570 silly ADD node_modules/media-typer
571 silly ADD node_modules/math-intrinsics
572 silly ADD node_modules/lru.min
573 silly ADD node_modules/long
574 silly ADD node_modules/lodash.once
575 silly ADD node_modules/lodash.isstring
576 silly ADD node_modules/lodash.isplainobject
577 silly ADD node_modules/lodash.isnumber
578 silly ADD node_modules/lodash.isinteger
579 silly ADD node_modules/lodash.isboolean
580 silly ADD node_modules/lodash.includes
581 silly ADD node_modules/jws
582 silly ADD node_modules/jwa
583 silly ADD node_modules/jsonwebtoken
584 silly ADD node_modules/jsonwebtoken/node_modules/ms
585 silly ADD node_modules/is-property
586 silly ADD node_modules/is-number
587 silly ADD node_modules/is-glob
588 silly ADD node_modules/is-extglob
589 silly ADD node_modules/is-binary-path
590 silly ADD node_modules/ipaddr.js
591 silly ADD node_modules/inherits
592 silly ADD node_modules/ignore-by-default
593 silly ADD node_modules/iconv-lite
594 silly ADD node_modules/http-errors
595 silly ADD node_modules/hasown
596 silly ADD node_modules/has-symbols
597 silly ADD node_modules/has-flag
598 silly ADD node_modules/gopd
599 silly ADD node_modules/glob-parent
600 silly ADD node_modules/get-proto
601 silly ADD node_modules/get-intrinsic
602 silly ADD node_modules/generate-function
603 silly ADD node_modules/function-bind
604 silly ADD node_modules/fresh
605 silly ADD node_modules/forwarded
606 silly ADD node_modules/finalhandler
607 silly ADD node_modules/fill-range
608 silly ADD node_modules/express-rate-limit
609 silly ADD node_modules/express
610 silly ADD node_modules/express/node_modules/serve-static
611 silly ADD node_modules/etag
612 silly ADD node_modules/escape-html
613 silly ADD node_modules/es-object-atoms
614 silly ADD node_modules/es-errors
615 silly ADD node_modules/es-define-property
616 silly ADD node_modules/encodeurl
617 silly ADD node_modules/ee-first
618 silly ADD node_modules/ecdsa-sig-formatter
619 silly ADD node_modules/dunder-proto
620 silly ADD node_modules/dotenv
621 silly ADD node_modules/destroy
622 silly ADD node_modules/depd
623 silly ADD node_modules/denque
624 silly ADD node_modules/debug
625 silly ADD node_modules/cors
626 silly ADD node_modules/cookie-signature
627 silly ADD node_modules/cookie
628 silly ADD node_modules/content-type
629 silly ADD node_modules/content-disposition
630 silly ADD node_modules/chokidar
631 silly ADD
632 silly ADD node_modules/call-bound
633 silly ADD node_modules/call-bind-apply-helpers
634 silly ADD node_modules/bytes
635 silly ADD node_modules/buffer-equal-constant-time
636 silly ADD node_modules/braces
637 silly ADD node_modules/brace-expansion
638 silly ADD node_modules/body-parser
639 silly ADD node_modules/binary-extensions
640 silly ADD node_modules/bcrypt
641 silly ADD node_modules/balanced-match
642 silly ADD node_modules/aws-ssl-profiles
643 silly ADD node_modules/array-flatten
644 silly ADD node_modules/anymatch
645 silly ADD node_modules/accepts
646 silly ADD node_modules/@types/node
647 verbose cwd D:\Development\Web\medical_expert_system\backend
648 verbose os Windows_NT 10.0.26200
649 verbose node v22.15.0
650 verbose npm  v10.9.2
651 notice
651 notice New [31mmajor[39m version of npm available! [31m10.9.2[39m -> [34m11.13.0[39m
651 notice Changelog: [34mhttps://github.com/npm/cli/releases/tag/v11.13.0[39m
651 notice To update run: [4mnpm install -g npm@11.13.0[24m
651 notice  { force: true, [Symbol(proc-log.meta)]: true }
652 verbose exit 0
653 info ok
